mode: atomic
github.com/irfndi/goflux/pkg/analysis/analysis.go:23.79,25.38 2 4
github.com/irfndi/goflux/pkg/analysis/analysis.go:25.38,26.23 1 9
github.com/irfndi/goflux/pkg/analysis/analysis.go:26.23,31.22 3 9
github.com/irfndi/goflux/pkg/analysis/analysis.go:31.22,33.5 1 7
github.com/irfndi/goflux/pkg/analysis/analysis.go:33.10,33.30 1 2
github.com/irfndi/goflux/pkg/analysis/analysis.go:33.30,35.5 1 2
github.com/irfndi/goflux/pkg/analysis/analysis.go:40.2,40.28 1 4
github.com/irfndi/goflux/pkg/analysis/analysis.go:47.79,48.59 1 4
github.com/irfndi/goflux/pkg/analysis/analysis.go:48.59,50.3 1 3
github.com/irfndi/goflux/pkg/analysis/analysis.go:52.2,52.10 1 1
github.com/irfndi/goflux/pkg/analysis/analysis.go:59.77,61.2 1 1
github.com/irfndi/goflux/pkg/analysis/analysis.go:69.77,70.44 1 1
github.com/irfndi/goflux/pkg/analysis/analysis.go:70.44,76.3 4 2
github.com/irfndi/goflux/pkg/analysis/analysis.go:78.2,78.38 1 1
github.com/irfndi/goflux/pkg/analysis/analysis.go:78.38,79.23 1 2
github.com/irfndi/goflux/pkg/analysis/analysis.go:79.23,81.4 1 2
github.com/irfndi/goflux/pkg/analysis/analysis.go:83.2,83.12 1 1
github.com/irfndi/goflux/pkg/analysis/analysis.go:94.80,100.2 4 1
github.com/irfndi/goflux/pkg/analysis/analysis.go:106.84,108.38 2 1
github.com/irfndi/goflux/pkg/analysis/analysis.go:108.38,112.30 3 2
github.com/irfndi/goflux/pkg/analysis/analysis.go:112.30,114.4 1 1
github.com/irfndi/goflux/pkg/analysis/analysis.go:117.2,117.34 1 1
github.com/irfndi/goflux/pkg/analysis/analysis.go:125.81,130.2 3 1
github.com/irfndi/goflux/pkg/analysis/analysis.go:141.79,142.29 1 2
github.com/irfndi/goflux/pkg/analysis/analysis.go:142.29,144.3 1 1
github.com/irfndi/goflux/pkg/analysis/analysis.go:146.2,161.53 5 1
github.com/irfndi/goflux/pkg/decimal/decimal.go:22.29,24.2 1 89
github.com/irfndi/goflux/pkg/decimal/decimal.go:27.34,29.2 1 5
github.com/irfndi/goflux/pkg/decimal/decimal.go:33.38,35.16 2 7
github.com/irfndi/goflux/pkg/decimal/decimal.go:35.16,36.54 1 2
github.com/irfndi/goflux/pkg/decimal/decimal.go:38.2,38.26 1 5
github.com/irfndi/goflux/pkg/decimal/decimal.go:43.56,45.16 2 41
github.com/irfndi/goflux/pkg/decimal/decimal.go:45.16,47.3 1 2
github.com/irfndi/goflux/pkg/decimal/decimal.go:48.2,48.31 1 39
github.com/irfndi/goflux/pkg/decimal/decimal.go:52.44,54.2 1 0
github.com/irfndi/goflux/pkg/decimal/decimal.go:57.42,59.2 1 101
github.com/irfndi/goflux/pkg/decimal/decimal.go:62.42,64.2 1 101
github.com/irfndi/goflux/pkg/decimal/decimal.go:67.42,69.2 1 121
github.com/irfndi/goflux/pkg/decimal/decimal.go:72.42,73.15 1 104
github.com/irfndi/goflux/pkg/decimal/decimal.go:73.15,75.3 1 1
github.com/irfndi/goflux/pkg/decimal/decimal.go:76.2,76.56 1 103
github.com/irfndi/goflux/pkg/decimal/decimal.go:80.38,82.2 1 5
github.com/irfndi/goflux/pkg/decimal/decimal.go:85.39,87.2 1 3
github.com/irfndi/goflux/pkg/decimal/decimal.go:90.38,92.2 1 5
github.com/irfndi/goflux/pkg/decimal/decimal.go:95.39,97.2 1 3
github.com/irfndi/goflux/pkg/decimal/decimal.go:100.38,102.2 1 3
github.com/irfndi/goflux/pkg/decimal/decimal.go:105.30,107.2 1 110
github.com/irfndi/goflux/pkg/decimal/decimal.go:110.34,113.2 2 51
github.com/irfndi/goflux/pkg/decimal/decimal.go:116.34,118.2 1 48
github.com/irfndi/goflux/pkg/decimal/decimal.go:121.56,123.2 1 1
github.com/irfndi/goflux/pkg/decimal/decimal.go:126.32,128.2 1 3
github.com/irfndi/goflux/pkg/decimal/decimal.go:131.32,133.2 1 3
github.com/irfndi/goflux/pkg/decimal/decimal.go:136.42,137.14 1 3
github.com/irfndi/goflux/pkg/decimal/decimal.go:137.14,139.3 1 1
github.com/irfndi/goflux/pkg/decimal/decimal.go:140.2,140.11 1 2
github.com/irfndi/goflux/pkg/decimal/decimal.go:144.42,145.14 1 3
github.com/irfndi/goflux/pkg/decimal/decimal.go:145.14,147.3 1 1
github.com/irfndi/goflux/pkg/decimal/decimal.go:148.2,148.11 1 2
github.com/irfndi/goflux/pkg/decimal/decimal.go:152.33,154.2 1 5
github.com/irfndi/goflux/pkg/decimal/decimal.go:157.37,158.12 1 7
github.com/irfndi/goflux/pkg/decimal/decimal.go:158.12,160.3 1 1
github.com/irfndi/goflux/pkg/decimal/decimal.go:162.2,164.11 3 6
github.com/irfndi/goflux/pkg/decimal/decimal.go:164.11,167.3 2 2
github.com/irfndi/goflux/pkg/decimal/decimal.go:169.2,171.15 3 6
github.com/irfndi/goflux/pkg/decimal/decimal.go:171.15,172.18 1 12
github.com/irfndi/goflux/pkg/decimal/decimal.go:172.18,174.4 1 8
github.com/irfndi/goflux/pkg/decimal/decimal.go:175.3,176.13 2 12
github.com/irfndi/goflux/pkg/decimal/decimal.go:179.2,179.9 1 6
github.com/irfndi/goflux/pkg/decimal/decimal.go:179.9,181.3 1 2
github.com/irfndi/goflux/pkg/decimal/decimal.go:182.2,182.15 1 4
github.com/irfndi/goflux/pkg/decimal/decimal.go:190.38,192.2 1 5
github.com/irfndi/goflux/pkg/decimal/decimal.go:195.29,197.2 1 35
github.com/irfndi/goflux/pkg/decimal/decimal.go:200.36,202.2 1 3
github.com/irfndi/goflux/pkg/decimal/decimal.go:205.36,207.2 1 13
github.com/irfndi/goflux/pkg/decimal/decimal.go:210.32,212.2 1 16
github.com/irfndi/goflux/pkg/decimal/decimal.go:215.34,216.16 1 11
github.com/irfndi/goflux/pkg/decimal/decimal.go:216.16,218.3 1 1
github.com/irfndi/goflux/pkg/decimal/decimal.go:220.2,221.20 2 10
github.com/irfndi/goflux/pkg/decimal/decimal.go:221.20,223.3 1 5
github.com/irfndi/goflux/pkg/decimal/decimal.go:224.2,224.35 1 5
github.com/irfndi/goflux/pkg/decimal/decimal.go:228.34,233.27 4 7
github.com/irfndi/goflux/pkg/decimal/decimal.go:233.27,235.3 1 2
github.com/irfndi/goflux/pkg/decimal/decimal.go:236.2,236.29 1 7
github.com/irfndi/goflux/pkg/decimal/decimal.go:240.33,245.27 4 7
github.com/irfndi/goflux/pkg/decimal/decimal.go:245.27,247.3 1 2
github.com/irfndi/goflux/pkg/decimal/decimal.go:248.2,248.29 1 7
github.com/irfndi/goflux/pkg/decimal/decimal.go:252.37,256.2 3 5
github.com/irfndi/goflux/pkg/decimal/decimal.go:259.33,264.2 4 5
github.com/irfndi/goflux/pkg/math/math.go:6.24,7.11 1 114
github.com/irfndi/goflux/pkg/math/math.go:7.11,9.3 1 106
github.com/irfndi/goflux/pkg/math/math.go:10.2,10.10 1 8
github.com/irfndi/goflux/pkg/math/math.go:14.24,15.11 1 114
github.com/irfndi/goflux/pkg/math/math.go:15.11,17.3 1 7
github.com/irfndi/goflux/pkg/math/math.go:18.2,18.10 1 107
github.com/irfndi/goflux/pkg/math/math.go:22.24,23.11 1 130
github.com/irfndi/goflux/pkg/math/math.go:23.11,25.3 1 3
github.com/irfndi/goflux/pkg/math/math.go:26.2,27.12 2 127
github.com/irfndi/goflux/pkg/math/math.go:27.12,28.15 1 440
github.com/irfndi/goflux/pkg/math/math.go:28.15,30.4 1 228
github.com/irfndi/goflux/pkg/math/math.go:31.3,32.9 2 440
github.com/irfndi/goflux/pkg/math/math.go:35.2,35.10 1 127
github.com/irfndi/goflux/pkg/math/math.go:39.21,40.11 1 114
github.com/irfndi/goflux/pkg/math/math.go:40.11,41.23 1 106
github.com/irfndi/goflux/pkg/math/math.go:41.23,43.4 1 2
github.com/irfndi/goflux/pkg/math/math.go:44.3,44.12 1 104
github.com/irfndi/goflux/pkg/math/math.go:47.2,47.10 1 8
github.com/irfndi/goflux/pkg/testutils/testutils.go:27.52,30.28 3 0
github.com/irfndi/goflux/pkg/testutils/testutils.go:30.28,32.13 2 0
github.com/irfndi/goflux/pkg/testutils/testutils.go:32.13,34.4 1 0
github.com/irfndi/goflux/pkg/testutils/testutils.go:34.9,36.16 2 0
github.com/irfndi/goflux/pkg/testutils/testutils.go:36.16,38.5 1 0
github.com/irfndi/goflux/pkg/testutils/testutils.go:38.10,40.5 1 0
github.com/irfndi/goflux/pkg/testutils/testutils.go:44.2,44.32 1 0
github.com/irfndi/goflux/pkg/testutils/testutils.go:47.65,49.30 2 0
github.com/irfndi/goflux/pkg/testutils/testutils.go:49.30,58.3 7 0
github.com/irfndi/goflux/pkg/testutils/testutils.go:60.2,60.11 1 0
github.com/irfndi/goflux/pkg/testutils/testutils.go:63.58,65.29 2 0
github.com/irfndi/goflux/pkg/testutils/testutils.go:65.29,76.3 8 0
github.com/irfndi/goflux/pkg/testutils/testutils.go:78.2,78.11 1 0
github.com/irfndi/goflux/pkg/testutils/testutils.go:81.61,84.29 2 0
github.com/irfndi/goflux/pkg/testutils/testutils.go:84.29,86.3 1 0
github.com/irfndi/goflux/pkg/testutils/testutils.go:88.2,88.35 1 0
github.com/irfndi/goflux/pkg/testutils/testutils.go:91.76,93.2 1 0
github.com/irfndi/goflux/pkg/testutils/testutils.go:95.51,99.15 3 0
github.com/irfndi/goflux/pkg/testutils/testutils.go:99.15,101.3 1 0
github.com/irfndi/goflux/pkg/testutils/testutils.go:103.2,104.6 2 0
github.com/irfndi/goflux/pkg/testutils/testutils.go:104.6,107.3 2 0
github.com/irfndi/goflux/pkg/testutils/testutils.go:109.2,109.8 1 0
github.com/irfndi/goflux/pkg/testutils/testutils.go:112.77,115.2 2 0
github.com/irfndi/goflux/pkg/series/candle.go:22.47,31.2 1 9
github.com/irfndi/goflux/pkg/series/candle.go:35.68,36.24 1 5
github.com/irfndi/goflux/pkg/series/candle.go:36.24,38.3 1 1
github.com/irfndi/goflux/pkg/series/candle.go:39.2,41.23 2 5
github.com/irfndi/goflux/pkg/series/candle.go:41.23,43.3 1 1
github.com/irfndi/goflux/pkg/series/candle.go:43.8,43.38 1 4
github.com/irfndi/goflux/pkg/series/candle.go:43.38,45.3 1 1
github.com/irfndi/goflux/pkg/series/candle.go:47.2,47.23 1 5
github.com/irfndi/goflux/pkg/series/candle.go:47.23,49.3 1 1
github.com/irfndi/goflux/pkg/series/candle.go:49.8,49.38 1 4
github.com/irfndi/goflux/pkg/series/candle.go:49.38,51.3 1 1
github.com/irfndi/goflux/pkg/series/candle.go:53.2,53.21 1 5
github.com/irfndi/goflux/pkg/series/candle.go:53.21,55.3 1 1
github.com/irfndi/goflux/pkg/series/candle.go:55.8,57.3 1 4
github.com/irfndi/goflux/pkg/series/candle.go:59.2,59.16 1 5
github.com/irfndi/goflux/pkg/series/candle.go:62.34,79.2 1 1
github.com/irfndi/goflux/pkg/series/timeperiod.go:35.57,42.46 5 5
github.com/irfndi/goflux/pkg/series/timeperiod.go:42.46,44.69 2 9
github.com/irfndi/goflux/pkg/series/timeperiod.go:44.69,50.4 4 7
github.com/irfndi/goflux/pkg/series/timeperiod.go:50.9,53.4 2 2
github.com/irfndi/goflux/pkg/series/timeperiod.go:56.2,57.41 2 5
github.com/irfndi/goflux/pkg/series/timeperiod.go:57.41,60.17 3 9
github.com/irfndi/goflux/pkg/series/timeperiod.go:60.17,62.4 1 0
github.com/irfndi/goflux/pkg/series/timeperiod.go:65.2,69.24 2 5
github.com/irfndi/goflux/pkg/series/timeperiod.go:69.24,71.3 1 4
github.com/irfndi/goflux/pkg/series/timeperiod.go:71.8,73.3 1 1
github.com/irfndi/goflux/pkg/series/timeperiod.go:75.2,75.24 1 5
github.com/irfndi/goflux/pkg/series/timeperiod.go:81.57,83.24 2 7
github.com/irfndi/goflux/pkg/series/timeperiod.go:84.39,87.56 3 1
github.com/irfndi/goflux/pkg/series/timeperiod.go:88.37,91.11 3 1
github.com/irfndi/goflux/pkg/series/timeperiod.go:92.35,95.52 3 2
github.com/irfndi/goflux/pkg/series/timeperiod.go:96.33,99.11 3 2
github.com/irfndi/goflux/pkg/series/timeperiod.go:100.10,102.9 2 1
github.com/irfndi/goflux/pkg/series/timeperiod.go:105.2,105.59 1 6
github.com/irfndi/goflux/pkg/series/timeperiod.go:105.59,107.3 1 1
github.com/irfndi/goflux/pkg/series/timeperiod.go:109.2,109.15 1 6
github.com/irfndi/goflux/pkg/series/timeperiod.go:109.15,111.3 1 3
github.com/irfndi/goflux/pkg/series/timeperiod.go:111.8,111.62 1 3
github.com/irfndi/goflux/pkg/series/timeperiod.go:111.62,113.3 1 1
github.com/irfndi/goflux/pkg/series/timeperiod.go:115.2,115.8 1 6
github.com/irfndi/goflux/pkg/series/timeperiod.go:119.61,124.2 1 2
github.com/irfndi/goflux/pkg/series/timeperiod.go:127.39,129.2 1 1
github.com/irfndi/goflux/pkg/series/timeperiod.go:132.45,134.2 1 3
github.com/irfndi/goflux/pkg/series/timeperiod.go:137.60,139.2 1 5
github.com/irfndi/goflux/pkg/series/timeperiod.go:142.51,144.2 1 2
github.com/irfndi/goflux/pkg/series/timeperiod.go:152.57,157.2 1 1
github.com/irfndi/goflux/pkg/series/timeperiod.go:159.38,162.2 2 2
github.com/irfndi/goflux/pkg/series/timeperiod.go:165.70,170.2 1 7
github.com/irfndi/goflux/pkg/series/timeseries.go:13.38,18.2 3 5
github.com/irfndi/goflux/pkg/series/timeseries.go:22.54,23.19 1 8
github.com/irfndi/goflux/pkg/series/timeseries.go:23.19,24.65 1 1
github.com/irfndi/goflux/pkg/series/timeseries.go:27.2,27.80 1 7
github.com/irfndi/goflux/pkg/series/timeseries.go:27.80,30.3 2 6
github.com/irfndi/goflux/pkg/series/timeseries.go:32.2,32.14 1 1
github.com/irfndi/goflux/pkg/series/timeseries.go:36.44,37.25 1 14
github.com/irfndi/goflux/pkg/series/timeseries.go:37.25,39.3 1 10
github.com/irfndi/goflux/pkg/series/timeseries.go:41.2,41.12 1 4
github.com/irfndi/goflux/pkg/series/timeseries.go:45.39,47.2 1 2
