mode: atomic
github.com/irfndi/goflux/example/basic.go:14.38,23.32 3 0
github.com/irfndi/goflux/example/basic.go:23.32,34.3 8 0
github.com/irfndi/goflux/example/basic.go:36.2,39.22 3 0
github.com/irfndi/goflux/example/strategy.go:10.24,34.2 8 0
github.com/irfndi/goflux/pkg/analysis/analysis.go:23.79,25.38 2 4
github.com/irfndi/goflux/pkg/analysis/analysis.go:25.38,26.23 1 9
github.com/irfndi/goflux/pkg/analysis/analysis.go:26.23,31.22 3 9
github.com/irfndi/goflux/pkg/analysis/analysis.go:31.22,33.5 1 7
github.com/irfndi/goflux/pkg/analysis/analysis.go:33.10,33.30 1 2
github.com/irfndi/goflux/pkg/analysis/analysis.go:33.30,35.5 1 2
github.com/irfndi/goflux/pkg/analysis/analysis.go:40.2,40.28 1 4
github.com/irfndi/goflux/pkg/analysis/analysis.go:47.79,48.59 1 4
github.com/irfndi/goflux/pkg/analysis/analysis.go:48.59,50.3 1 3
github.com/irfndi/goflux/pkg/analysis/analysis.go:52.2,52.10 1 1
github.com/irfndi/goflux/pkg/analysis/analysis.go:59.77,61.2 1 1
github.com/irfndi/goflux/pkg/analysis/analysis.go:69.77,70.44 1 1
github.com/irfndi/goflux/pkg/analysis/analysis.go:70.44,76.3 4 2
github.com/irfndi/goflux/pkg/analysis/analysis.go:78.2,78.38 1 1
github.com/irfndi/goflux/pkg/analysis/analysis.go:78.38,79.23 1 2
github.com/irfndi/goflux/pkg/analysis/analysis.go:79.23,81.4 1 2
github.com/irfndi/goflux/pkg/analysis/analysis.go:83.2,83.12 1 1
github.com/irfndi/goflux/pkg/analysis/analysis.go:94.80,100.2 4 1
github.com/irfndi/goflux/pkg/analysis/analysis.go:106.84,108.38 2 1
github.com/irfndi/goflux/pkg/analysis/analysis.go:108.38,112.30 3 2
github.com/irfndi/goflux/pkg/analysis/analysis.go:112.30,114.4 1 1
github.com/irfndi/goflux/pkg/analysis/analysis.go:117.2,117.34 1 1
github.com/irfndi/goflux/pkg/analysis/analysis.go:125.81,130.2 3 1
github.com/irfndi/goflux/pkg/analysis/analysis.go:141.79,142.29 1 2
github.com/irfndi/goflux/pkg/analysis/analysis.go:142.29,144.3 1 1
github.com/irfndi/goflux/pkg/analysis/analysis.go:146.2,161.53 5 1
github.com/irfndi/goflux/pkg/testutils/testutils.go:27.52,30.28 3 0
github.com/irfndi/goflux/pkg/testutils/testutils.go:30.28,32.13 2 0
github.com/irfndi/goflux/pkg/testutils/testutils.go:32.13,34.4 1 0
github.com/irfndi/goflux/pkg/testutils/testutils.go:34.9,36.16 2 0
github.com/irfndi/goflux/pkg/testutils/testutils.go:36.16,38.5 1 0
github.com/irfndi/goflux/pkg/testutils/testutils.go:38.10,40.5 1 0
github.com/irfndi/goflux/pkg/testutils/testutils.go:44.2,44.32 1 0
github.com/irfndi/goflux/pkg/testutils/testutils.go:47.65,49.30 2 0
github.com/irfndi/goflux/pkg/testutils/testutils.go:49.30,58.3 7 0
github.com/irfndi/goflux/pkg/testutils/testutils.go:60.2,60.11 1 0
github.com/irfndi/goflux/pkg/testutils/testutils.go:63.58,65.29 2 2
github.com/irfndi/goflux/pkg/testutils/testutils.go:65.29,74.3 7 17
github.com/irfndi/goflux/pkg/testutils/testutils.go:76.2,76.11 1 2
github.com/irfndi/goflux/pkg/testutils/testutils.go:79.61,82.29 2 1
github.com/irfndi/goflux/pkg/testutils/testutils.go:82.29,84.3 1 12
github.com/irfndi/goflux/pkg/testutils/testutils.go:86.2,86.35 1 1
github.com/irfndi/goflux/pkg/testutils/testutils.go:89.76,91.2 1 0
github.com/irfndi/goflux/pkg/testutils/testutils.go:93.51,97.28 3 0
github.com/irfndi/goflux/pkg/testutils/testutils.go:97.28,99.10 2 0
github.com/irfndi/goflux/pkg/testutils/testutils.go:99.10,100.9 1 0
github.com/irfndi/goflux/pkg/testutils/testutils.go:102.3,102.55 1 0
github.com/irfndi/goflux/pkg/testutils/testutils.go:105.2,105.8 1 0
github.com/irfndi/goflux/pkg/testutils/testutils.go:108.85,109.15 1 0
github.com/irfndi/goflux/pkg/testutils/testutils.go:109.15,110.23 1 0
github.com/irfndi/goflux/pkg/testutils/testutils.go:110.23,112.4 1 0
github.com/irfndi/goflux/pkg/testutils/testutils.go:115.2,115.41 1 0
github.com/irfndi/goflux/pkg/testutils/testutils.go:118.77,121.2 2 0
github.com/irfndi/goflux/pkg/testutils/testutils.go:27.52,30.28 3 0
github.com/irfndi/goflux/pkg/testutils/testutils.go:30.28,32.13 2 0
github.com/irfndi/goflux/pkg/testutils/testutils.go:32.13,34.4 1 0
github.com/irfndi/goflux/pkg/testutils/testutils.go:34.9,36.16 2 0
github.com/irfndi/goflux/pkg/testutils/testutils.go:36.16,38.5 1 0
github.com/irfndi/goflux/pkg/testutils/testutils.go:38.10,40.5 1 0
github.com/irfndi/goflux/pkg/testutils/testutils.go:44.2,44.32 1 0
github.com/irfndi/goflux/pkg/testutils/testutils.go:47.65,49.30 2 0
github.com/irfndi/goflux/pkg/testutils/testutils.go:49.30,58.3 7 0
github.com/irfndi/goflux/pkg/testutils/testutils.go:60.2,60.11 1 0
github.com/irfndi/goflux/pkg/testutils/testutils.go:63.58,65.29 2 0
github.com/irfndi/goflux/pkg/testutils/testutils.go:65.29,74.3 7 0
github.com/irfndi/goflux/pkg/testutils/testutils.go:76.2,76.11 1 0
github.com/irfndi/goflux/pkg/testutils/testutils.go:79.61,82.29 2 0
github.com/irfndi/goflux/pkg/testutils/testutils.go:82.29,84.3 1 0
github.com/irfndi/goflux/pkg/testutils/testutils.go:86.2,86.35 1 0
github.com/irfndi/goflux/pkg/testutils/testutils.go:89.76,91.2 1 0
github.com/irfndi/goflux/pkg/testutils/testutils.go:93.51,97.28 3 0
github.com/irfndi/goflux/pkg/testutils/testutils.go:97.28,99.10 2 0
github.com/irfndi/goflux/pkg/testutils/testutils.go:99.10,100.9 1 0
github.com/irfndi/goflux/pkg/testutils/testutils.go:102.3,102.55 1 0
github.com/irfndi/goflux/pkg/testutils/testutils.go:105.2,105.8 1 0
github.com/irfndi/goflux/pkg/testutils/testutils.go:108.85,109.15 1 0
github.com/irfndi/goflux/pkg/testutils/testutils.go:109.15,110.23 1 0
github.com/irfndi/goflux/pkg/testutils/testutils.go:110.23,112.4 1 0
github.com/irfndi/goflux/pkg/testutils/testutils.go:115.2,115.41 1 0
github.com/irfndi/goflux/pkg/testutils/testutils.go:118.77,121.2 2 0
github.com/irfndi/goflux/pkg/backtest/analyzer.go:22.46,26.2 1 7
github.com/irfndi/goflux/pkg/backtest/analyzer.go:29.52,31.2 1 6
github.com/irfndi/goflux/pkg/backtest/analyzer.go:34.107,36.40 2 6
github.com/irfndi/goflux/pkg/backtest/analyzer.go:36.40,38.3 1 5
github.com/irfndi/goflux/pkg/backtest/analyzer.go:39.2,39.16 1 6
github.com/irfndi/goflux/pkg/backtest/analyzers_impl.go:24.44,24.67 1 1
github.com/irfndi/goflux/pkg/backtest/analyzers_impl.go:26.109,28.22 2 1
github.com/irfndi/goflux/pkg/backtest/analyzers_impl.go:28.22,30.3 1 0
github.com/irfndi/goflux/pkg/backtest/analyzers_impl.go:32.2,36.31 4 1
github.com/irfndi/goflux/pkg/backtest/analyzers_impl.go:36.31,37.18 1 4
github.com/irfndi/goflux/pkg/backtest/analyzers_impl.go:37.18,40.4 2 4
github.com/irfndi/goflux/pkg/backtest/analyzers_impl.go:40.9,43.4 2 0
github.com/irfndi/goflux/pkg/backtest/analyzers_impl.go:44.3,44.64 1 4
github.com/irfndi/goflux/pkg/backtest/analyzers_impl.go:47.2,49.25 2 1
github.com/irfndi/goflux/pkg/backtest/analyzers_impl.go:49.25,51.3 1 0
github.com/irfndi/goflux/pkg/backtest/analyzers_impl.go:53.2,53.29 1 1
github.com/irfndi/goflux/pkg/backtest/analyzers_impl.go:53.29,55.3 1 1
github.com/irfndi/goflux/pkg/backtest/analyzers_impl.go:56.2,56.28 1 1
github.com/irfndi/goflux/pkg/backtest/analyzers_impl.go:56.28,58.3 1 0
github.com/irfndi/goflux/pkg/backtest/analyzers_impl.go:61.2,64.14 3 1
github.com/irfndi/goflux/pkg/backtest/analyzers_impl.go:76.42,76.63 1 1
github.com/irfndi/goflux/pkg/backtest/analyzers_impl.go:78.107,83.27 2 1
github.com/irfndi/goflux/pkg/backtest/analyzers_impl.go:83.27,85.3 1 0
github.com/irfndi/goflux/pkg/backtest/analyzers_impl.go:87.2,88.36 2 1
github.com/irfndi/goflux/pkg/backtest/analyzers_impl.go:88.36,89.28 1 100
github.com/irfndi/goflux/pkg/backtest/analyzers_impl.go:89.28,91.4 1 5
github.com/irfndi/goflux/pkg/backtest/analyzers_impl.go:93.3,94.37 2 100
github.com/irfndi/goflux/pkg/backtest/analyzers_impl.go:94.37,96.22 2 0
github.com/irfndi/goflux/pkg/backtest/analyzers_impl.go:96.22,98.5 1 0
github.com/irfndi/goflux/pkg/backtest/analyzers_impl.go:102.2,102.14 1 1
github.com/irfndi/goflux/pkg/backtest/analyzers_impl.go:108.45,108.69 1 3
github.com/irfndi/goflux/pkg/backtest/analyzers_impl.go:110.110,112.2 1 3
github.com/irfndi/goflux/pkg/backtest/analyzers_impl.go:119.45,119.69 1 1
github.com/irfndi/goflux/pkg/backtest/analyzers_impl.go:121.110,122.21 1 1
github.com/irfndi/goflux/pkg/backtest/analyzers_impl.go:122.21,124.3 1 0
github.com/irfndi/goflux/pkg/backtest/analyzers_impl.go:127.2,128.31 2 1
github.com/irfndi/goflux/pkg/backtest/analyzers_impl.go:128.31,130.3 1 4
github.com/irfndi/goflux/pkg/backtest/analyzers_impl.go:131.2,135.31 3 1
github.com/irfndi/goflux/pkg/backtest/analyzers_impl.go:135.31,138.3 2 4
github.com/irfndi/goflux/pkg/backtest/analyzers_impl.go:139.2,142.21 3 1
github.com/irfndi/goflux/pkg/backtest/analyzers_impl.go:142.21,144.3 1 0
github.com/irfndi/goflux/pkg/backtest/analyzers_impl.go:146.2,152.15 4 1
github.com/irfndi/goflux/pkg/backtest/backtester.go:77.81,83.2 1 6
github.com/irfndi/goflux/pkg/backtest/backtester.go:86.46,88.2 1 5
github.com/irfndi/goflux/pkg/backtest/backtester.go:90.64,98.45 6 6
github.com/irfndi/goflux/pkg/backtest/backtester.go:98.45,100.3 1 268
github.com/irfndi/goflux/pkg/backtest/backtester.go:102.2,108.27 4 6
github.com/irfndi/goflux/pkg/backtest/backtester.go:108.27,115.3 1 11
github.com/irfndi/goflux/pkg/backtest/backtester.go:117.2,119.33 3 6
github.com/irfndi/goflux/pkg/backtest/backtester.go:119.33,120.18 1 268
github.com/irfndi/goflux/pkg/backtest/backtester.go:120.18,122.4 1 9
github.com/irfndi/goflux/pkg/backtest/backtester.go:123.3,125.21 3 268
github.com/irfndi/goflux/pkg/backtest/backtester.go:125.21,127.4 1 268
github.com/irfndi/goflux/pkg/backtest/backtester.go:128.3,132.4 1 268
github.com/irfndi/goflux/pkg/backtest/backtester.go:135.2,137.15 2 6
github.com/irfndi/goflux/pkg/backtest/backtester.go:148.3,152.19 3 268
github.com/irfndi/goflux/pkg/backtest/backtester.go:152.19,154.3 1 0
github.com/irfndi/goflux/pkg/backtest/backtester.go:156.2,159.81 3 268
github.com/irfndi/goflux/pkg/backtest/backtester.go:169.3,170.44 1 268
github.com/irfndi/goflux/pkg/backtest/backtester.go:170.44,172.42 2 156
github.com/irfndi/goflux/pkg/backtest/backtester.go:172.42,173.12 1 156
github.com/irfndi/goflux/pkg/backtest/backtester.go:176.3,186.63 5 0
github.com/irfndi/goflux/pkg/backtest/backtester.go:198.3,199.43 1 268
github.com/irfndi/goflux/pkg/backtest/backtester.go:199.43,200.23 1 11
github.com/irfndi/goflux/pkg/backtest/backtester.go:200.23,202.4 1 11
github.com/irfndi/goflux/pkg/backtest/backtester.go:203.3,203.9 1 11
github.com/irfndi/goflux/pkg/backtest/backtester.go:206.2,206.67 1 257
github.com/irfndi/goflux/pkg/backtest/backtester.go:206.67,208.3 1 248
github.com/irfndi/goflux/pkg/backtest/backtester.go:210.2,210.77 1 9
github.com/irfndi/goflux/pkg/backtest/backtester.go:220.3,222.23 2 11
github.com/irfndi/goflux/pkg/backtest/backtester.go:222.23,224.3 1 0
github.com/irfndi/goflux/pkg/backtest/backtester.go:226.2,237.4 2 11
github.com/irfndi/goflux/pkg/backtest/backtester.go:247.3,248.44 1 9
github.com/irfndi/goflux/pkg/backtest/backtester.go:248.44,261.3 6 9
github.com/irfndi/goflux/pkg/backtest/backtester.go:264.109,265.56 1 6
github.com/irfndi/goflux/pkg/backtest/backtester.go:265.56,267.3 1 4
github.com/irfndi/goflux/pkg/backtest/backtester.go:269.2,271.23 3 2
github.com/irfndi/goflux/pkg/backtest/backtester.go:271.23,273.3 1 0
github.com/irfndi/goflux/pkg/backtest/backtester.go:274.2,276.33 2 2
github.com/irfndi/goflux/pkg/backtest/backtester.go:276.33,280.3 3 2
github.com/irfndi/goflux/pkg/backtest/backtester.go:283.85,284.29 1 161
github.com/irfndi/goflux/pkg/backtest/backtester.go:284.29,286.3 1 156
github.com/irfndi/goflux/pkg/backtest/backtester.go:287.2,287.30 1 5
github.com/irfndi/goflux/pkg/backtest/backtester.go:287.30,289.3 1 5
github.com/irfndi/goflux/pkg/backtest/backtester.go:290.2,290.14 1 0
github.com/irfndi/goflux/pkg/backtest/backtester.go:293.89,294.62 1 156
github.com/irfndi/goflux/pkg/backtest/backtester.go:294.62,296.3 1 0
github.com/irfndi/goflux/pkg/backtest/backtester.go:297.2,297.66 1 156
github.com/irfndi/goflux/pkg/backtest/backtester.go:297.66,299.3 1 0
github.com/irfndi/goflux/pkg/backtest/backtester.go:300.2,300.14 1 156
github.com/irfndi/goflux/pkg/backtest/backtester.go:303.90,304.62 1 5
github.com/irfndi/goflux/pkg/backtest/backtester.go:304.62,306.3 1 1
github.com/irfndi/goflux/pkg/backtest/backtester.go:307.2,307.66 1 4
github.com/irfndi/goflux/pkg/backtest/backtester.go:307.66,309.3 1 1
github.com/irfndi/goflux/pkg/backtest/backtester.go:310.2,310.14 1 3
github.com/irfndi/goflux/pkg/backtest/backtester.go:313.94,314.29 1 11
github.com/irfndi/goflux/pkg/backtest/backtester.go:314.29,316.3 1 11
github.com/irfndi/goflux/pkg/backtest/backtester.go:317.2,317.56 1 0
github.com/irfndi/goflux/pkg/backtest/backtester.go:320.101,333.2 4 11
github.com/irfndi/goflux/pkg/backtest/backtester.go:335.146,346.22 2 8
github.com/irfndi/goflux/pkg/backtest/backtester.go:346.22,349.3 2 1
github.com/irfndi/goflux/pkg/backtest/backtester.go:351.2,351.31 1 7
github.com/irfndi/goflux/pkg/backtest/backtester.go:351.31,352.32 1 16
github.com/irfndi/goflux/pkg/backtest/backtester.go:352.32,355.4 2 14
github.com/irfndi/goflux/pkg/backtest/backtester.go:355.9,355.39 1 2
github.com/irfndi/goflux/pkg/backtest/backtester.go:355.39,358.4 2 2
github.com/irfndi/goflux/pkg/backtest/backtester.go:359.3,359.60 1 16
github.com/irfndi/goflux/pkg/backtest/backtester.go:362.2,362.28 1 7
github.com/irfndi/goflux/pkg/backtest/backtester.go:362.28,365.3 2 7
github.com/irfndi/goflux/pkg/backtest/backtester.go:367.2,367.32 1 7
github.com/irfndi/goflux/pkg/backtest/backtester.go:367.32,369.3 1 2
github.com/irfndi/goflux/pkg/backtest/backtester.go:371.2,377.15 5 7
github.com/irfndi/goflux/pkg/backtest/backtester.go:380.141,385.37 4 7
github.com/irfndi/goflux/pkg/backtest/backtester.go:385.37,386.22 1 271
github.com/irfndi/goflux/pkg/backtest/backtester.go:386.22,388.4 1 16
github.com/irfndi/goflux/pkg/backtest/backtester.go:390.3,391.31 2 271
github.com/irfndi/goflux/pkg/backtest/backtester.go:391.31,393.22 2 3
github.com/irfndi/goflux/pkg/backtest/backtester.go:393.22,395.5 1 3
github.com/irfndi/goflux/pkg/backtest/backtester.go:399.2,399.40 1 7
github.com/irfndi/goflux/pkg/backtest/extended_analyzers.go:10.45,12.2 1 1
github.com/irfndi/goflux/pkg/backtest/extended_analyzers.go:14.110,15.22 1 2
github.com/irfndi/goflux/pkg/backtest/extended_analyzers.go:15.22,17.3 1 0
github.com/irfndi/goflux/pkg/backtest/extended_analyzers.go:19.2,24.31 5 2
github.com/irfndi/goflux/pkg/backtest/extended_analyzers.go:24.31,25.18 1 13
github.com/irfndi/goflux/pkg/backtest/extended_analyzers.go:25.18,28.4 2 8
github.com/irfndi/goflux/pkg/backtest/extended_analyzers.go:28.9,30.4 1 5
github.com/irfndi/goflux/pkg/backtest/extended_analyzers.go:33.2,33.23 1 2
github.com/irfndi/goflux/pkg/backtest/extended_analyzers.go:33.23,37.36 4 2
github.com/irfndi/goflux/pkg/backtest/extended_analyzers.go:37.36,39.4 1 2
github.com/irfndi/goflux/pkg/backtest/extended_analyzers.go:41.3,43.20 3 2
github.com/irfndi/goflux/pkg/backtest/extended_analyzers.go:46.2,46.21 1 0
github.com/irfndi/goflux/pkg/backtest/extended_analyzers.go:51.48,53.2 1 1
github.com/irfndi/goflux/pkg/backtest/extended_analyzers.go:55.113,59.31 3 1
github.com/irfndi/goflux/pkg/backtest/extended_analyzers.go:59.31,60.32 1 3
github.com/irfndi/goflux/pkg/backtest/extended_analyzers.go:60.32,62.4 1 2
github.com/irfndi/goflux/pkg/backtest/extended_analyzers.go:62.9,64.4 1 1
github.com/irfndi/goflux/pkg/backtest/extended_analyzers.go:67.2,67.24 1 1
github.com/irfndi/goflux/pkg/backtest/extended_analyzers.go:67.24,68.27 1 0
github.com/irfndi/goflux/pkg/backtest/extended_analyzers.go:68.27,70.4 1 0
github.com/irfndi/goflux/pkg/backtest/extended_analyzers.go:71.3,71.26 1 0
github.com/irfndi/goflux/pkg/backtest/extended_analyzers.go:74.2,74.35 1 1
github.com/irfndi/goflux/pkg/backtest/extended_analyzers.go:79.57,81.2 1 1
github.com/irfndi/goflux/pkg/backtest/extended_analyzers.go:83.122,84.22 1 1
github.com/irfndi/goflux/pkg/backtest/extended_analyzers.go:84.22,86.3 1 0
github.com/irfndi/goflux/pkg/backtest/extended_analyzers.go:88.2,89.31 2 1
github.com/irfndi/goflux/pkg/backtest/extended_analyzers.go:89.31,91.3 1 3
github.com/irfndi/goflux/pkg/backtest/extended_analyzers.go:93.2,93.36 1 1
github.com/irfndi/goflux/pkg/backtest/extended_analyzers.go:98.50,100.2 1 1
github.com/irfndi/goflux/pkg/backtest/extended_analyzers.go:102.115,113.31 6 1
github.com/irfndi/goflux/pkg/backtest/extended_analyzers.go:113.31,114.18 1 3
github.com/irfndi/goflux/pkg/backtest/extended_analyzers.go:114.18,117.29 3 2
github.com/irfndi/goflux/pkg/backtest/extended_analyzers.go:117.29,119.5 1 1
github.com/irfndi/goflux/pkg/backtest/extended_analyzers.go:120.9,123.33 3 1
github.com/irfndi/goflux/pkg/backtest/extended_analyzers.go:123.33,125.5 1 1
github.com/irfndi/goflux/pkg/backtest/extended_analyzers.go:129.2,131.15 3 1
github.com/irfndi/goflux/pkg/backtest/extended_analyzers.go:136.54,138.2 1 1
github.com/irfndi/goflux/pkg/backtest/extended_analyzers.go:140.119,141.22 1 1
github.com/irfndi/goflux/pkg/backtest/extended_analyzers.go:141.22,143.3 1 0
github.com/irfndi/goflux/pkg/backtest/extended_analyzers.go:145.2,146.31 2 1
github.com/irfndi/goflux/pkg/backtest/extended_analyzers.go:146.31,148.3 1 3
github.com/irfndi/goflux/pkg/backtest/extended_analyzers.go:150.2,150.59 1 1
github.com/irfndi/goflux/pkg/backtest/extended_analyzers.go:155.56,157.2 1 1
github.com/irfndi/goflux/pkg/backtest/extended_analyzers.go:159.121,160.22 1 1
github.com/irfndi/goflux/pkg/backtest/extended_analyzers.go:160.22,162.3 1 0
github.com/irfndi/goflux/pkg/backtest/extended_analyzers.go:164.2,168.31 4 1
github.com/irfndi/goflux/pkg/backtest/extended_analyzers.go:168.31,170.3 1 10
github.com/irfndi/goflux/pkg/backtest/extended_analyzers.go:171.2,174.31 3 1
github.com/irfndi/goflux/pkg/backtest/extended_analyzers.go:174.31,177.3 2 10
github.com/irfndi/goflux/pkg/backtest/extended_analyzers.go:178.2,178.21 1 1
github.com/irfndi/goflux/pkg/backtest/extended_analyzers.go:178.21,181.3 2 1
github.com/irfndi/goflux/pkg/backtest/extended_analyzers.go:183.2,183.21 1 1
github.com/irfndi/goflux/pkg/backtest/extended_analyzers.go:183.21,185.3 1 0
github.com/irfndi/goflux/pkg/backtest/extended_analyzers.go:187.2,188.12 2 1
github.com/irfndi/goflux/pkg/backtest/extended_analyzers.go:193.49,195.2 1 1
github.com/irfndi/goflux/pkg/backtest/extended_analyzers.go:197.114,203.31 5 1
github.com/irfndi/goflux/pkg/backtest/extended_analyzers.go:203.31,204.18 1 3
github.com/irfndi/goflux/pkg/backtest/extended_analyzers.go:204.18,207.4 2 2
github.com/irfndi/goflux/pkg/backtest/extended_analyzers.go:207.9,210.4 2 1
github.com/irfndi/goflux/pkg/backtest/extended_analyzers.go:213.2,213.39 1 1
github.com/irfndi/goflux/pkg/backtest/extended_analyzers.go:213.39,215.3 1 0
github.com/irfndi/goflux/pkg/backtest/extended_analyzers.go:216.2,216.22 1 1
github.com/irfndi/goflux/pkg/backtest/extended_analyzers.go:216.22,218.3 1 0
github.com/irfndi/goflux/pkg/backtest/extended_analyzers.go:220.2,223.22 3 1
github.com/irfndi/goflux/pkg/backtest/extended_analyzers.go:223.22,225.3 1 0
github.com/irfndi/goflux/pkg/backtest/extended_analyzers.go:227.2,227.28 1 1
github.com/irfndi/goflux/pkg/backtest/extended_analyzers.go:232.47,234.2 1 1
github.com/irfndi/goflux/pkg/backtest/extended_analyzers.go:236.112,237.22 1 1
github.com/irfndi/goflux/pkg/backtest/extended_analyzers.go:237.22,239.3 1 0
github.com/irfndi/goflux/pkg/backtest/extended_analyzers.go:241.2,244.31 3 1
github.com/irfndi/goflux/pkg/backtest/extended_analyzers.go:244.31,246.17 2 3
github.com/irfndi/goflux/pkg/backtest/extended_analyzers.go:246.17,248.4 1 1
github.com/irfndi/goflux/pkg/backtest/extended_analyzers.go:249.3,250.27 2 3
github.com/irfndi/goflux/pkg/backtest/extended_analyzers.go:253.2,254.13 2 1
github.com/irfndi/goflux/pkg/backtest/portfolio.go:17.88,23.2 1 1
github.com/irfndi/goflux/pkg/backtest/portfolio.go:26.100,38.34 7 1
github.com/irfndi/goflux/pkg/backtest/portfolio.go:38.34,41.23 3 9
github.com/irfndi/goflux/pkg/backtest/portfolio.go:41.23,43.4 1 9
github.com/irfndi/goflux/pkg/backtest/portfolio.go:45.3,45.58 1 9
github.com/irfndi/goflux/pkg/backtest/portfolio.go:45.58,53.4 5 2
github.com/irfndi/goflux/pkg/backtest/portfolio.go:53.9,53.70 1 7
github.com/irfndi/goflux/pkg/backtest/portfolio.go:53.70,74.4 7 2
github.com/irfndi/goflux/pkg/backtest/portfolio.go:76.3,76.28 1 9
github.com/irfndi/goflux/pkg/backtest/portfolio.go:76.28,78.4 1 5
github.com/irfndi/goflux/pkg/backtest/portfolio.go:78.9,80.4 1 4
github.com/irfndi/goflux/pkg/backtest/portfolio.go:84.2,86.15 3 1
github.com/irfndi/goflux/pkg/backtest/portfolio_backtester.go:16.79,22.2 1 1
github.com/irfndi/goflux/pkg/backtest/portfolio_backtester.go:24.78,26.2 1 2
github.com/irfndi/goflux/pkg/backtest/portfolio_backtester.go:31.85,34.34 2 1
github.com/irfndi/goflux/pkg/backtest/portfolio_backtester.go:34.34,37.43 2 2
github.com/irfndi/goflux/pkg/backtest/portfolio_backtester.go:37.43,39.4 1 2
github.com/irfndi/goflux/pkg/backtest/portfolio_backtester.go:40.3,40.35 1 2
github.com/irfndi/goflux/pkg/backtest/portfolio_backtester.go:43.2,43.16 1 1
github.com/irfndi/goflux/pkg/testutils/testutils.go:27.52,30.28 3 0
github.com/irfndi/goflux/pkg/testutils/testutils.go:30.28,32.13 2 0
github.com/irfndi/goflux/pkg/testutils/testutils.go:32.13,34.4 1 0
github.com/irfndi/goflux/pkg/testutils/testutils.go:34.9,36.16 2 0
github.com/irfndi/goflux/pkg/testutils/testutils.go:36.16,38.5 1 0
github.com/irfndi/goflux/pkg/testutils/testutils.go:38.10,40.5 1 0
github.com/irfndi/goflux/pkg/testutils/testutils.go:44.2,44.32 1 0
github.com/irfndi/goflux/pkg/testutils/testutils.go:47.65,49.30 2 0
github.com/irfndi/goflux/pkg/testutils/testutils.go:49.30,58.3 7 0
github.com/irfndi/goflux/pkg/testutils/testutils.go:60.2,60.11 1 0
github.com/irfndi/goflux/pkg/testutils/testutils.go:63.58,65.29 2 4
github.com/irfndi/goflux/pkg/testutils/testutils.go:65.29,74.3 7 29
github.com/irfndi/goflux/pkg/testutils/testutils.go:76.2,76.11 1 4
github.com/irfndi/goflux/pkg/testutils/testutils.go:79.61,82.29 2 4
github.com/irfndi/goflux/pkg/testutils/testutils.go:82.29,84.3 1 29
github.com/irfndi/goflux/pkg/testutils/testutils.go:86.2,86.35 1 4
github.com/irfndi/goflux/pkg/testutils/testutils.go:89.76,91.2 1 0
github.com/irfndi/goflux/pkg/testutils/testutils.go:93.51,97.28 3 0
github.com/irfndi/goflux/pkg/testutils/testutils.go:97.28,99.10 2 0
github.com/irfndi/goflux/pkg/testutils/testutils.go:99.10,100.9 1 0
github.com/irfndi/goflux/pkg/testutils/testutils.go:102.3,102.55 1 0
github.com/irfndi/goflux/pkg/testutils/testutils.go:105.2,105.8 1 0
github.com/irfndi/goflux/pkg/testutils/testutils.go:108.85,109.15 1 0
github.com/irfndi/goflux/pkg/testutils/testutils.go:109.15,110.23 1 0
github.com/irfndi/goflux/pkg/testutils/testutils.go:110.23,112.4 1 0
github.com/irfndi/goflux/pkg/testutils/testutils.go:115.2,115.41 1 0
github.com/irfndi/goflux/pkg/testutils/testutils.go:118.77,121.2 2 0
github.com/irfndi/goflux/pkg/math/math.go:6.24,7.11 1 114
github.com/irfndi/goflux/pkg/math/math.go:7.11,9.3 1 106
github.com/irfndi/goflux/pkg/math/math.go:10.2,10.10 1 8
github.com/irfndi/goflux/pkg/math/math.go:14.24,15.11 1 114
github.com/irfndi/goflux/pkg/math/math.go:15.11,17.3 1 7
github.com/irfndi/goflux/pkg/math/math.go:18.2,18.10 1 107
github.com/irfndi/goflux/pkg/math/math.go:22.24,23.11 1 130
github.com/irfndi/goflux/pkg/math/math.go:23.11,25.3 1 3
github.com/irfndi/goflux/pkg/math/math.go:26.2,27.12 2 127
github.com/irfndi/goflux/pkg/math/math.go:27.12,28.15 1 440
github.com/irfndi/goflux/pkg/math/math.go:28.15,30.4 1 228
github.com/irfndi/goflux/pkg/math/math.go:31.3,32.9 2 440
github.com/irfndi/goflux/pkg/math/math.go:35.2,35.10 1 127
github.com/irfndi/goflux/pkg/math/math.go:39.21,40.11 1 114
github.com/irfndi/goflux/pkg/math/math.go:40.11,41.23 1 106
github.com/irfndi/goflux/pkg/math/math.go:41.23,43.4 1 2
github.com/irfndi/goflux/pkg/math/math.go:44.3,44.12 1 104
github.com/irfndi/goflux/pkg/math/math.go:47.2,47.10 1 8
github.com/irfndi/goflux/pkg/decimal/decimal.go:23.29,25.2 1 160
github.com/irfndi/goflux/pkg/decimal/decimal.go:28.34,30.2 1 4
github.com/irfndi/goflux/pkg/decimal/decimal.go:34.38,36.16 2 51
github.com/irfndi/goflux/pkg/decimal/decimal.go:36.16,37.54 1 2
github.com/irfndi/goflux/pkg/decimal/decimal.go:39.2,39.26 1 49
github.com/irfndi/goflux/pkg/decimal/decimal.go:44.56,46.16 2 0
github.com/irfndi/goflux/pkg/decimal/decimal.go:46.16,48.3 1 0
github.com/irfndi/goflux/pkg/decimal/decimal.go:49.2,49.31 1 0
github.com/irfndi/goflux/pkg/decimal/decimal.go:53.44,55.2 1 1
github.com/irfndi/goflux/pkg/decimal/decimal.go:58.42,59.19 1 101
github.com/irfndi/goflux/pkg/decimal/decimal.go:59.19,61.3 1 0
github.com/irfndi/goflux/pkg/decimal/decimal.go:62.2,62.18 1 101
github.com/irfndi/goflux/pkg/decimal/decimal.go:62.18,64.3 1 0
github.com/irfndi/goflux/pkg/decimal/decimal.go:65.2,65.56 1 101
github.com/irfndi/goflux/pkg/decimal/decimal.go:69.42,70.19 1 102
github.com/irfndi/goflux/pkg/decimal/decimal.go:70.19,72.3 1 0
github.com/irfndi/goflux/pkg/decimal/decimal.go:73.2,73.18 1 102
github.com/irfndi/goflux/pkg/decimal/decimal.go:73.18,75.3 1 0
github.com/irfndi/goflux/pkg/decimal/decimal.go:76.2,76.56 1 102
github.com/irfndi/goflux/pkg/decimal/decimal.go:80.42,81.35 1 111
github.com/irfndi/goflux/pkg/decimal/decimal.go:81.35,83.3 1 0
github.com/irfndi/goflux/pkg/decimal/decimal.go:84.2,84.56 1 111
github.com/irfndi/goflux/pkg/decimal/decimal.go:88.42,89.15 1 103
github.com/irfndi/goflux/pkg/decimal/decimal.go:89.15,91.3 1 1
github.com/irfndi/goflux/pkg/decimal/decimal.go:92.2,92.35 1 102
github.com/irfndi/goflux/pkg/decimal/decimal.go:92.35,94.3 1 0
github.com/irfndi/goflux/pkg/decimal/decimal.go:95.2,95.56 1 102
github.com/irfndi/goflux/pkg/decimal/decimal.go:99.38,100.35 1 5
github.com/irfndi/goflux/pkg/decimal/decimal.go:100.35,102.3 1 0
github.com/irfndi/goflux/pkg/decimal/decimal.go:103.2,103.30 1 5
github.com/irfndi/goflux/pkg/decimal/decimal.go:107.39,108.35 1 2
github.com/irfndi/goflux/pkg/decimal/decimal.go:108.35,110.3 1 0
github.com/irfndi/goflux/pkg/decimal/decimal.go:111.2,111.31 1 2
github.com/irfndi/goflux/pkg/decimal/decimal.go:115.38,116.35 1 5
github.com/irfndi/goflux/pkg/decimal/decimal.go:116.35,118.3 1 0
github.com/irfndi/goflux/pkg/decimal/decimal.go:119.2,119.30 1 5
github.com/irfndi/goflux/pkg/decimal/decimal.go:123.39,124.35 1 2
github.com/irfndi/goflux/pkg/decimal/decimal.go:124.35,126.3 1 0
github.com/irfndi/goflux/pkg/decimal/decimal.go:127.2,127.31 1 2
github.com/irfndi/goflux/pkg/decimal/decimal.go:131.38,133.2 1 2
github.com/irfndi/goflux/pkg/decimal/decimal.go:136.30,138.2 1 104
github.com/irfndi/goflux/pkg/decimal/decimal.go:141.34,142.18 1 121
github.com/irfndi/goflux/pkg/decimal/decimal.go:142.18,144.3 1 0
github.com/irfndi/goflux/pkg/decimal/decimal.go:145.2,146.10 2 121
github.com/irfndi/goflux/pkg/decimal/decimal.go:150.34,151.18 1 32
github.com/irfndi/goflux/pkg/decimal/decimal.go:151.18,153.3 1 0
github.com/irfndi/goflux/pkg/decimal/decimal.go:154.2,154.28 1 32
github.com/irfndi/goflux/pkg/decimal/decimal.go:158.56,159.18 1 3
github.com/irfndi/goflux/pkg/decimal/decimal.go:159.18,161.3 1 0
github.com/irfndi/goflux/pkg/decimal/decimal.go:162.2,162.35 1 3
github.com/irfndi/goflux/pkg/decimal/decimal.go:166.32,168.2 1 103
github.com/irfndi/goflux/pkg/decimal/decimal.go:171.32,173.2 1 102
github.com/irfndi/goflux/pkg/decimal/decimal.go:176.42,177.14 1 2
github.com/irfndi/goflux/pkg/decimal/decimal.go:177.14,179.3 1 1
github.com/irfndi/goflux/pkg/decimal/decimal.go:180.2,180.11 1 1
github.com/irfndi/goflux/pkg/decimal/decimal.go:184.42,185.14 1 2
github.com/irfndi/goflux/pkg/decimal/decimal.go:185.14,187.3 1 1
github.com/irfndi/goflux/pkg/decimal/decimal.go:188.2,188.11 1 1
github.com/irfndi/goflux/pkg/decimal/decimal.go:192.33,194.2 1 2
github.com/irfndi/goflux/pkg/decimal/decimal.go:197.37,198.12 1 3
github.com/irfndi/goflux/pkg/decimal/decimal.go:198.12,200.3 1 1
github.com/irfndi/goflux/pkg/decimal/decimal.go:202.2,204.11 3 2
github.com/irfndi/goflux/pkg/decimal/decimal.go:204.11,207.3 2 1
github.com/irfndi/goflux/pkg/decimal/decimal.go:209.2,211.15 3 2
github.com/irfndi/goflux/pkg/decimal/decimal.go:211.15,212.18 1 6
github.com/irfndi/goflux/pkg/decimal/decimal.go:212.18,214.4 1 4
github.com/irfndi/goflux/pkg/decimal/decimal.go:215.3,216.13 2 6
github.com/irfndi/goflux/pkg/decimal/decimal.go:219.2,219.9 1 2
github.com/irfndi/goflux/pkg/decimal/decimal.go:219.9,221.3 1 1
github.com/irfndi/goflux/pkg/decimal/decimal.go:222.2,222.15 1 1
github.com/irfndi/goflux/pkg/decimal/decimal.go:226.46,229.2 2 0
github.com/irfndi/goflux/pkg/decimal/decimal.go:236.38,238.2 1 22
github.com/irfndi/goflux/pkg/decimal/decimal.go:241.29,242.18 1 231
github.com/irfndi/goflux/pkg/decimal/decimal.go:242.18,244.3 1 0
github.com/irfndi/goflux/pkg/decimal/decimal.go:245.2,245.21 1 231
github.com/irfndi/goflux/pkg/decimal/decimal.go:249.32,251.2 1 112
github.com/irfndi/goflux/pkg/decimal/decimal.go:254.36,256.2 1 3
github.com/irfndi/goflux/pkg/decimal/decimal.go:259.36,261.2 1 113
github.com/irfndi/goflux/pkg/decimal/decimal.go:264.34,265.16 1 111
github.com/irfndi/goflux/pkg/decimal/decimal.go:265.16,267.3 1 1
github.com/irfndi/goflux/pkg/decimal/decimal.go:269.2,270.20 2 110
github.com/irfndi/goflux/pkg/decimal/decimal.go:270.20,272.3 1 105
github.com/irfndi/goflux/pkg/decimal/decimal.go:273.2,273.35 1 5
github.com/irfndi/goflux/pkg/decimal/decimal.go:277.34,282.27 4 107
github.com/irfndi/goflux/pkg/decimal/decimal.go:282.27,284.3 1 2
github.com/irfndi/goflux/pkg/decimal/decimal.go:285.2,285.29 1 107
github.com/irfndi/goflux/pkg/decimal/decimal.go:289.33,294.27 4 107
github.com/irfndi/goflux/pkg/decimal/decimal.go:294.27,296.3 1 2
github.com/irfndi/goflux/pkg/decimal/decimal.go:297.2,297.29 1 107
github.com/irfndi/goflux/pkg/decimal/decimal.go:301.37,305.2 3 4
github.com/irfndi/goflux/pkg/decimal/decimal.go:308.33,313.2 4 0
github.com/irfndi/goflux/pkg/candlesticks/candlesticks.go:15.41,16.14 1 20
github.com/irfndi/goflux/pkg/candlesticks/candlesticks.go:16.14,18.3 1 0
github.com/irfndi/goflux/pkg/candlesticks/candlesticks.go:19.2,24.3 1 20
github.com/irfndi/goflux/pkg/candlesticks/candlesticks.go:67.64,69.2 1 16
github.com/irfndi/goflux/pkg/candlesticks/candlesticks.go:71.56,72.39 1 22
github.com/irfndi/goflux/pkg/candlesticks/candlesticks.go:72.39,74.3 1 2
github.com/irfndi/goflux/pkg/candlesticks/candlesticks.go:75.2,76.19 2 20
github.com/irfndi/goflux/pkg/candlesticks/candlesticks.go:76.19,78.3 1 0
github.com/irfndi/goflux/pkg/candlesticks/candlesticks.go:79.2,79.26 1 20
github.com/irfndi/goflux/pkg/candlesticks/candlesticks.go:82.41,84.2 1 36
github.com/irfndi/goflux/pkg/candlesticks/candlesticks.go:86.54,87.39 1 16
github.com/irfndi/goflux/pkg/candlesticks/candlesticks.go:87.39,89.3 1 2
github.com/irfndi/goflux/pkg/candlesticks/candlesticks.go:91.2,93.64 2 14
github.com/irfndi/goflux/pkg/candlesticks/candlesticks.go:93.64,95.3 1 1
github.com/irfndi/goflux/pkg/candlesticks/candlesticks.go:97.2,97.62 1 13
github.com/irfndi/goflux/pkg/candlesticks/candlesticks.go:97.62,99.3 1 4
github.com/irfndi/goflux/pkg/candlesticks/candlesticks.go:101.2,101.55 1 9
github.com/irfndi/goflux/pkg/candlesticks/candlesticks.go:101.55,103.3 1 8
github.com/irfndi/goflux/pkg/candlesticks/candlesticks.go:105.2,105.13 1 1
github.com/irfndi/goflux/pkg/candlesticks/candlesticks.go:108.50,109.16 1 9
github.com/irfndi/goflux/pkg/candlesticks/candlesticks.go:109.16,110.26 1 3
github.com/irfndi/goflux/pkg/candlesticks/candlesticks.go:110.26,112.4 1 1
github.com/irfndi/goflux/pkg/candlesticks/candlesticks.go:113.3,113.27 1 2
github.com/irfndi/goflux/pkg/candlesticks/candlesticks.go:113.27,115.4 1 1
github.com/irfndi/goflux/pkg/candlesticks/candlesticks.go:116.3,116.14 1 1
github.com/irfndi/goflux/pkg/candlesticks/candlesticks.go:118.2,118.18 1 6
github.com/irfndi/goflux/pkg/candlesticks/candlesticks.go:118.18,120.3 1 1
github.com/irfndi/goflux/pkg/candlesticks/candlesticks.go:121.2,121.26 1 5
github.com/irfndi/goflux/pkg/candlesticks/candlesticks.go:121.26,123.3 1 1
github.com/irfndi/goflux/pkg/candlesticks/candlesticks.go:124.2,124.20 1 4
github.com/irfndi/goflux/pkg/candlesticks/candlesticks.go:124.20,126.3 1 1
github.com/irfndi/goflux/pkg/candlesticks/candlesticks.go:127.2,127.23 1 3
github.com/irfndi/goflux/pkg/candlesticks/candlesticks.go:127.23,129.3 1 1
github.com/irfndi/goflux/pkg/candlesticks/candlesticks.go:130.2,130.27 1 2
github.com/irfndi/goflux/pkg/candlesticks/candlesticks.go:130.27,132.3 1 1
github.com/irfndi/goflux/pkg/candlesticks/candlesticks.go:133.2,133.27 1 1
github.com/irfndi/goflux/pkg/candlesticks/candlesticks.go:133.27,135.3 1 0
github.com/irfndi/goflux/pkg/candlesticks/candlesticks.go:136.2,136.13 1 1
github.com/irfndi/goflux/pkg/candlesticks/candlesticks.go:139.86,140.15 1 13
github.com/irfndi/goflux/pkg/candlesticks/candlesticks.go:140.15,142.3 1 9
github.com/irfndi/goflux/pkg/candlesticks/candlesticks.go:144.2,145.38 2 4
github.com/irfndi/goflux/pkg/candlesticks/candlesticks.go:145.38,147.3 1 1
github.com/irfndi/goflux/pkg/candlesticks/candlesticks.go:148.2,148.38 1 3
github.com/irfndi/goflux/pkg/candlesticks/candlesticks.go:148.38,150.3 1 1
github.com/irfndi/goflux/pkg/candlesticks/candlesticks.go:151.2,151.35 1 2
github.com/irfndi/goflux/pkg/candlesticks/candlesticks.go:151.35,153.3 1 0
github.com/irfndi/goflux/pkg/candlesticks/candlesticks.go:154.2,154.35 1 2
github.com/irfndi/goflux/pkg/candlesticks/candlesticks.go:154.35,156.3 1 0
github.com/irfndi/goflux/pkg/candlesticks/candlesticks.go:157.2,157.34 1 2
github.com/irfndi/goflux/pkg/candlesticks/candlesticks.go:157.34,159.3 1 0
github.com/irfndi/goflux/pkg/candlesticks/candlesticks.go:160.2,160.36 1 2
github.com/irfndi/goflux/pkg/candlesticks/candlesticks.go:160.36,162.3 1 0
github.com/irfndi/goflux/pkg/candlesticks/candlesticks.go:163.2,163.40 1 2
github.com/irfndi/goflux/pkg/candlesticks/candlesticks.go:163.40,165.3 1 1
github.com/irfndi/goflux/pkg/candlesticks/candlesticks.go:166.2,166.40 1 1
github.com/irfndi/goflux/pkg/candlesticks/candlesticks.go:166.40,168.3 1 0
github.com/irfndi/goflux/pkg/candlesticks/candlesticks.go:169.2,169.36 1 1
github.com/irfndi/goflux/pkg/candlesticks/candlesticks.go:169.36,171.3 1 0
github.com/irfndi/goflux/pkg/candlesticks/candlesticks.go:172.2,172.36 1 1
github.com/irfndi/goflux/pkg/candlesticks/candlesticks.go:172.36,174.3 1 0
github.com/irfndi/goflux/pkg/candlesticks/candlesticks.go:175.2,175.35 1 1
github.com/irfndi/goflux/pkg/candlesticks/candlesticks.go:175.35,177.3 1 1
github.com/irfndi/goflux/pkg/candlesticks/candlesticks.go:178.2,178.32 1 0
github.com/irfndi/goflux/pkg/candlesticks/candlesticks.go:178.32,180.3 1 0
github.com/irfndi/goflux/pkg/candlesticks/candlesticks.go:181.2,181.13 1 0
github.com/irfndi/goflux/pkg/candlesticks/candlesticks.go:184.88,185.15 1 14
github.com/irfndi/goflux/pkg/candlesticks/candlesticks.go:185.15,187.3 1 13
github.com/irfndi/goflux/pkg/candlesticks/candlesticks.go:189.2,191.42 3 1
github.com/irfndi/goflux/pkg/candlesticks/candlesticks.go:191.42,193.3 1 0
github.com/irfndi/goflux/pkg/candlesticks/candlesticks.go:194.2,194.42 1 1
github.com/irfndi/goflux/pkg/candlesticks/candlesticks.go:194.42,196.3 1 0
github.com/irfndi/goflux/pkg/candlesticks/candlesticks.go:197.2,197.51 1 1
github.com/irfndi/goflux/pkg/candlesticks/candlesticks.go:197.51,199.3 1 1
github.com/irfndi/goflux/pkg/candlesticks/candlesticks.go:200.2,200.51 1 0
github.com/irfndi/goflux/pkg/candlesticks/candlesticks.go:200.51,202.3 1 0
github.com/irfndi/goflux/pkg/candlesticks/candlesticks.go:203.2,203.13 1 0
github.com/irfndi/goflux/pkg/candlesticks/candlesticks.go:206.40,208.2 1 75
github.com/irfndi/goflux/pkg/candlesticks/candlesticks.go:210.47,212.2 1 22
github.com/irfndi/goflux/pkg/candlesticks/candlesticks.go:214.47,216.2 1 24
github.com/irfndi/goflux/pkg/candlesticks/candlesticks.go:218.47,220.2 1 76
github.com/irfndi/goflux/pkg/candlesticks/candlesticks.go:222.31,225.23 3 52
github.com/irfndi/goflux/pkg/candlesticks/candlesticks.go:225.23,227.3 1 0
github.com/irfndi/goflux/pkg/candlesticks/candlesticks.go:228.2,228.48 1 52
github.com/irfndi/goflux/pkg/candlesticks/candlesticks.go:231.40,232.17 1 3
github.com/irfndi/goflux/pkg/candlesticks/candlesticks.go:232.17,234.3 1 0
github.com/irfndi/goflux/pkg/candlesticks/candlesticks.go:235.2,237.44 3 3
github.com/irfndi/goflux/pkg/candlesticks/candlesticks.go:240.41,241.17 1 2
github.com/irfndi/goflux/pkg/candlesticks/candlesticks.go:241.17,243.3 1 0
github.com/irfndi/goflux/pkg/candlesticks/candlesticks.go:244.2,246.44 3 2
github.com/irfndi/goflux/pkg/candlesticks/candlesticks.go:249.33,255.23 5 6
github.com/irfndi/goflux/pkg/candlesticks/candlesticks.go:255.23,257.3 1 0
github.com/irfndi/goflux/pkg/candlesticks/candlesticks.go:259.2,267.15 5 6
github.com/irfndi/goflux/pkg/candlesticks/candlesticks.go:270.41,276.23 5 5
github.com/irfndi/goflux/pkg/candlesticks/candlesticks.go:276.23,278.3 1 0
github.com/irfndi/goflux/pkg/candlesticks/candlesticks.go:280.2,288.14 5 5
github.com/irfndi/goflux/pkg/candlesticks/candlesticks.go:291.38,294.23 3 3
github.com/irfndi/goflux/pkg/candlesticks/candlesticks.go:294.23,296.3 1 0
github.com/irfndi/goflux/pkg/candlesticks/candlesticks.go:297.2,298.73 2 3
github.com/irfndi/goflux/pkg/candlesticks/candlesticks.go:301.35,304.23 3 6
github.com/irfndi/goflux/pkg/candlesticks/candlesticks.go:304.23,306.3 1 0
github.com/irfndi/goflux/pkg/candlesticks/candlesticks.go:307.2,310.122 4 6
github.com/irfndi/goflux/pkg/candlesticks/candlesticks.go:313.42,316.23 3 2
github.com/irfndi/goflux/pkg/candlesticks/candlesticks.go:316.23,318.3 1 0
github.com/irfndi/goflux/pkg/candlesticks/candlesticks.go:320.2,322.42 1 2
github.com/irfndi/goflux/pkg/candlesticks/candlesticks.go:325.42,328.23 3 1
github.com/irfndi/goflux/pkg/candlesticks/candlesticks.go:328.23,330.3 1 0
github.com/irfndi/goflux/pkg/candlesticks/candlesticks.go:332.2,334.42 1 1
github.com/irfndi/goflux/pkg/candlesticks/candlesticks.go:337.54,338.33 1 4
github.com/irfndi/goflux/pkg/candlesticks/candlesticks.go:338.33,340.3 1 1
github.com/irfndi/goflux/pkg/candlesticks/candlesticks.go:342.2,343.21 2 3
github.com/irfndi/goflux/pkg/candlesticks/candlesticks.go:343.21,345.3 1 1
github.com/irfndi/goflux/pkg/candlesticks/candlesticks.go:347.2,349.50 3 2
github.com/irfndi/goflux/pkg/candlesticks/candlesticks.go:352.54,353.33 1 3
github.com/irfndi/goflux/pkg/candlesticks/candlesticks.go:353.33,355.3 1 1
github.com/irfndi/goflux/pkg/candlesticks/candlesticks.go:357.2,358.21 2 2
github.com/irfndi/goflux/pkg/candlesticks/candlesticks.go:358.21,360.3 1 1
github.com/irfndi/goflux/pkg/candlesticks/candlesticks.go:362.2,364.50 3 1
github.com/irfndi/goflux/pkg/candlesticks/candlesticks.go:367.51,368.33 1 2
github.com/irfndi/goflux/pkg/candlesticks/candlesticks.go:368.33,370.3 1 1
github.com/irfndi/goflux/pkg/candlesticks/candlesticks.go:372.2,375.37 3 1
github.com/irfndi/goflux/pkg/candlesticks/candlesticks.go:375.37,377.3 1 0
github.com/irfndi/goflux/pkg/candlesticks/candlesticks.go:379.2,379.105 1 1
github.com/irfndi/goflux/pkg/candlesticks/candlesticks.go:382.51,383.33 1 2
github.com/irfndi/goflux/pkg/candlesticks/candlesticks.go:383.33,385.3 1 1
github.com/irfndi/goflux/pkg/candlesticks/candlesticks.go:387.2,390.37 3 1
github.com/irfndi/goflux/pkg/candlesticks/candlesticks.go:390.37,392.3 1 1
github.com/irfndi/goflux/pkg/candlesticks/candlesticks.go:394.2,394.105 1 0
github.com/irfndi/goflux/pkg/candlesticks/candlesticks.go:397.48,399.2 1 0
github.com/irfndi/goflux/pkg/candlesticks/candlesticks.go:401.51,403.2 1 1
github.com/irfndi/goflux/pkg/candlesticks/candlesticks.go:405.52,409.2 1 1
github.com/irfndi/goflux/pkg/candlesticks/candlesticks.go:411.52,415.2 1 1
github.com/irfndi/goflux/pkg/candlesticks/candlesticks.go:417.56,418.17 1 1
github.com/irfndi/goflux/pkg/candlesticks/candlesticks.go:418.17,420.3 1 1
github.com/irfndi/goflux/pkg/candlesticks/candlesticks.go:422.2,423.18 2 0
github.com/irfndi/goflux/pkg/candlesticks/candlesticks.go:423.18,425.3 1 0
github.com/irfndi/goflux/pkg/candlesticks/candlesticks.go:427.2,427.54 1 0
github.com/irfndi/goflux/pkg/candlesticks/candlesticks.go:430.56,431.17 1 2
github.com/irfndi/goflux/pkg/candlesticks/candlesticks.go:431.17,433.3 1 1
github.com/irfndi/goflux/pkg/candlesticks/candlesticks.go:435.2,436.18 2 1
github.com/irfndi/goflux/pkg/candlesticks/candlesticks.go:436.18,438.3 1 0
github.com/irfndi/goflux/pkg/candlesticks/candlesticks.go:440.2,440.54 1 1
github.com/irfndi/goflux/pkg/candlesticks/candlesticks.go:443.67,444.22 1 0
github.com/irfndi/goflux/pkg/candlesticks/candlesticks.go:444.22,446.3 1 0
github.com/irfndi/goflux/pkg/candlesticks/candlesticks.go:447.2,453.59 5 0
github.com/irfndi/goflux/pkg/candlesticks/candlesticks.go:456.67,457.22 1 1
github.com/irfndi/goflux/pkg/candlesticks/candlesticks.go:457.22,459.3 1 0
github.com/irfndi/goflux/pkg/candlesticks/candlesticks.go:460.2,466.59 5 1
github.com/irfndi/goflux/pkg/candlesticks/candlesticks.go:469.58,470.53 1 1
github.com/irfndi/goflux/pkg/candlesticks/candlesticks.go:470.53,472.3 1 1
github.com/irfndi/goflux/pkg/candlesticks/candlesticks.go:474.2,481.85 6 0
github.com/irfndi/goflux/pkg/candlesticks/candlesticks.go:484.58,485.53 1 1
github.com/irfndi/goflux/pkg/candlesticks/candlesticks.go:485.53,487.3 1 1
github.com/irfndi/goflux/pkg/candlesticks/candlesticks.go:489.2,496.85 6 0
github.com/irfndi/goflux/pkg/candlesticks/candlesticks.go:499.50,500.33 1 2
github.com/irfndi/goflux/pkg/candlesticks/candlesticks.go:500.33,502.3 1 1
github.com/irfndi/goflux/pkg/candlesticks/candlesticks.go:504.2,507.37 3 1
github.com/irfndi/goflux/pkg/candlesticks/candlesticks.go:507.37,509.3 1 0
github.com/irfndi/goflux/pkg/candlesticks/candlesticks.go:511.2,516.60 5 1
github.com/irfndi/goflux/pkg/candlesticks/candlesticks.go:519.52,520.33 1 2
github.com/irfndi/goflux/pkg/candlesticks/candlesticks.go:520.33,522.3 1 1
github.com/irfndi/goflux/pkg/candlesticks/candlesticks.go:524.2,527.37 3 1
github.com/irfndi/goflux/pkg/candlesticks/candlesticks.go:527.37,529.3 1 1
github.com/irfndi/goflux/pkg/candlesticks/candlesticks.go:531.2,536.64 5 0
github.com/irfndi/goflux/pkg/candlesticks/candlesticks.go:572.34,573.34 1 9
github.com/irfndi/goflux/pkg/candlesticks/candlesticks.go:573.34,575.3 1 8
github.com/irfndi/goflux/pkg/candlesticks/candlesticks.go:576.2,576.15 1 1
github.com/irfndi/goflux/pkg/indicators/accumulation_distribution.go:16.57,21.2 1 0
github.com/irfndi/goflux/pkg/indicators/accumulation_distribution.go:23.66,24.51 1 0
github.com/irfndi/goflux/pkg/indicators/accumulation_distribution.go:24.51,26.3 1 0
github.com/irfndi/goflux/pkg/indicators/accumulation_distribution.go:28.2,28.28 1 0
github.com/irfndi/goflux/pkg/indicators/accumulation_distribution.go:28.28,30.3 1 0
github.com/irfndi/goflux/pkg/indicators/accumulation_distribution.go:32.2,34.15 3 0
github.com/irfndi/goflux/pkg/indicators/accumulation_distribution.go:34.15,36.3 1 0
github.com/irfndi/goflux/pkg/indicators/accumulation_distribution.go:38.2,38.34 1 0
github.com/irfndi/goflux/pkg/indicators/accumulation_distribution.go:38.34,47.23 8 0
github.com/irfndi/goflux/pkg/indicators/accumulation_distribution.go:47.23,49.4 1 0
github.com/irfndi/goflux/pkg/indicators/accumulation_distribution.go:49.9,51.4 1 0
github.com/irfndi/goflux/pkg/indicators/accumulation_distribution.go:53.3,57.23 4 0
github.com/irfndi/goflux/pkg/indicators/accumulation_distribution.go:60.2,60.25 1 0
github.com/irfndi/goflux/pkg/indicators/adx.go:24.66,40.2 1 3
github.com/irfndi/goflux/pkg/indicators/adx.go:42.61,43.47 1 3
github.com/irfndi/goflux/pkg/indicators/adx.go:43.47,45.3 1 0
github.com/irfndi/goflux/pkg/indicators/adx.go:47.2,49.29 2 3
github.com/irfndi/goflux/pkg/indicators/adx.go:49.29,51.3 1 3
github.com/irfndi/goflux/pkg/indicators/adx.go:53.2,53.21 1 0
github.com/irfndi/goflux/pkg/indicators/adx.go:56.46,57.43 1 3
github.com/irfndi/goflux/pkg/indicators/adx.go:57.43,64.3 5 90
github.com/irfndi/goflux/pkg/indicators/adx.go:66.2,66.44 1 3
github.com/irfndi/goflux/pkg/indicators/adx.go:66.44,67.19 1 90
github.com/irfndi/goflux/pkg/indicators/adx.go:67.19,73.12 6 38
github.com/irfndi/goflux/pkg/indicators/adx.go:76.3,82.20 5 52
github.com/irfndi/goflux/pkg/indicators/adx.go:82.20,83.35 1 2
github.com/irfndi/goflux/pkg/indicators/adx.go:83.35,87.5 3 28
github.com/irfndi/goflux/pkg/indicators/adx.go:88.9,96.4 6 50
github.com/irfndi/goflux/pkg/indicators/adx.go:98.3,104.19 6 52
github.com/irfndi/goflux/pkg/indicators/adx.go:104.19,107.4 2 52
github.com/irfndi/goflux/pkg/indicators/adx.go:109.3,111.20 3 52
github.com/irfndi/goflux/pkg/indicators/adx.go:111.20,113.4 1 52
github.com/irfndi/goflux/pkg/indicators/adx.go:114.3,117.24 3 52
github.com/irfndi/goflux/pkg/indicators/adx.go:117.24,119.12 2 26
github.com/irfndi/goflux/pkg/indicators/adx.go:122.3,122.25 1 26
github.com/irfndi/goflux/pkg/indicators/adx.go:122.25,124.47 2 2
github.com/irfndi/goflux/pkg/indicators/adx.go:124.47,126.5 1 28
github.com/irfndi/goflux/pkg/indicators/adx.go:127.4,128.12 2 2
github.com/irfndi/goflux/pkg/indicators/adx.go:131.3,134.39 4 24
github.com/irfndi/goflux/pkg/indicators/adx.go:138.100,139.16 1 90
github.com/irfndi/goflux/pkg/indicators/adx.go:139.16,141.3 1 3
github.com/irfndi/goflux/pkg/indicators/adx.go:143.2,154.36 9 87
github.com/irfndi/goflux/pkg/indicators/adx.go:154.36,156.3 1 78
github.com/irfndi/goflux/pkg/indicators/adx.go:156.8,156.45 1 9
github.com/irfndi/goflux/pkg/indicators/adx.go:156.45,158.3 1 0
github.com/irfndi/goflux/pkg/indicators/adx.go:160.2,160.24 1 87
github.com/irfndi/goflux/pkg/indicators/adx.go:163.70,164.16 1 90
github.com/irfndi/goflux/pkg/indicators/adx.go:164.16,166.3 1 3
github.com/irfndi/goflux/pkg/indicators/adx.go:168.2,176.24 7 87
github.com/irfndi/goflux/pkg/indicators/adx.go:176.24,178.3 1 0
github.com/irfndi/goflux/pkg/indicators/adx.go:179.2,179.23 1 87
github.com/irfndi/goflux/pkg/indicators/adx.go:179.23,181.3 1 0
github.com/irfndi/goflux/pkg/indicators/adx.go:183.2,183.11 1 87
github.com/irfndi/goflux/pkg/indicators/aroon.go:16.64,17.25 1 8
github.com/irfndi/goflux/pkg/indicators/aroon.go:17.25,19.3 1 2
github.com/irfndi/goflux/pkg/indicators/aroon.go:21.2,26.73 5 6
github.com/irfndi/goflux/pkg/indicators/aroon.go:29.54,30.54 1 6
github.com/irfndi/goflux/pkg/indicators/aroon.go:30.54,33.53 3 2
github.com/irfndi/goflux/pkg/indicators/aroon.go:33.53,35.20 2 8
github.com/irfndi/goflux/pkg/indicators/aroon.go:35.20,38.5 2 8
github.com/irfndi/goflux/pkg/indicators/aroon.go:41.3,41.18 1 2
github.com/irfndi/goflux/pkg/indicators/aroon.go:44.2,47.15 3 4
github.com/irfndi/goflux/pkg/indicators/aroon.go:47.15,49.3 1 0
github.com/irfndi/goflux/pkg/indicators/aroon.go:51.2,51.20 1 4
github.com/irfndi/goflux/pkg/indicators/aroon.go:59.69,66.2 1 2
github.com/irfndi/goflux/pkg/indicators/aroon.go:73.71,80.2 1 2
github.com/irfndi/goflux/pkg/indicators/average.go:15.74,20.2 1 3
github.com/irfndi/goflux/pkg/indicators/average.go:24.75,29.2 1 3
github.com/irfndi/goflux/pkg/indicators/average.go:31.65,33.2 1 36
github.com/irfndi/goflux/pkg/indicators/average_true_range.go:16.84,21.2 1 6
github.com/irfndi/goflux/pkg/indicators/average_true_range.go:23.75,24.24 1 52
github.com/irfndi/goflux/pkg/indicators/average_true_range.go:24.24,26.3 1 12
github.com/irfndi/goflux/pkg/indicators/average_true_range.go:28.2,30.44 2 40
github.com/irfndi/goflux/pkg/indicators/average_true_range.go:30.44,32.3 1 188
github.com/irfndi/goflux/pkg/indicators/average_true_range.go:34.2,34.50 1 39
github.com/irfndi/goflux/pkg/indicators/awesome_oscillator.go:15.96,21.2 1 3
github.com/irfndi/goflux/pkg/indicators/awesome_oscillator.go:23.75,25.2 1 2
github.com/irfndi/goflux/pkg/indicators/awesome_oscillator.go:27.76,28.29 1 3
github.com/irfndi/goflux/pkg/indicators/awesome_oscillator.go:28.29,30.3 1 1
github.com/irfndi/goflux/pkg/indicators/awesome_oscillator.go:32.2,35.29 3 2
github.com/irfndi/goflux/pkg/indicators/awesome_oscillator.go:38.91,39.22 1 4
github.com/irfndi/goflux/pkg/indicators/awesome_oscillator.go:39.22,41.3 1 0
github.com/irfndi/goflux/pkg/indicators/awesome_oscillator.go:43.2,44.30 2 4
github.com/irfndi/goflux/pkg/indicators/awesome_oscillator.go:44.30,46.47 2 54
github.com/irfndi/goflux/pkg/indicators/awesome_oscillator.go:46.47,52.4 5 54
github.com/irfndi/goflux/pkg/indicators/awesome_oscillator.go:55.2,55.46 1 4
github.com/irfndi/goflux/pkg/indicators/basic.go:13.62,15.2 1 11
github.com/irfndi/goflux/pkg/indicators/basic.go:17.64,19.2 1 56
github.com/irfndi/goflux/pkg/indicators/basic.go:26.66,28.2 1 128
github.com/irfndi/goflux/pkg/indicators/basic.go:30.69,32.2 1 13061
github.com/irfndi/goflux/pkg/indicators/basic.go:39.65,43.2 1 30
github.com/irfndi/goflux/pkg/indicators/basic.go:45.68,47.2 1 907
github.com/irfndi/goflux/pkg/indicators/basic.go:54.64,58.2 1 28
github.com/irfndi/goflux/pkg/indicators/basic.go:60.67,62.2 1 907
github.com/irfndi/goflux/pkg/indicators/basic.go:69.65,73.2 1 2
github.com/irfndi/goflux/pkg/indicators/basic.go:75.68,77.2 1 20
github.com/irfndi/goflux/pkg/indicators/basic.go:85.68,87.2 1 13
github.com/irfndi/goflux/pkg/indicators/basic.go:89.71,92.2 2 234
github.com/irfndi/goflux/pkg/indicators/basic.go:98.68,100.2 1 1
github.com/irfndi/goflux/pkg/indicators/basic.go:102.71,105.2 2 1
github.com/irfndi/goflux/pkg/indicators/basic.go:111.67,113.2 1 1
github.com/irfndi/goflux/pkg/indicators/basic.go:115.70,118.2 2 1
github.com/irfndi/goflux/pkg/indicators/basic.go:124.69,126.2 1 1
github.com/irfndi/goflux/pkg/indicators/basic.go:128.72,131.2 2 1
github.com/irfndi/goflux/pkg/indicators/bollinger_band.go:13.95,19.2 1 2
github.com/irfndi/goflux/pkg/indicators/bollinger_band.go:23.95,29.2 1 2
github.com/irfndi/goflux/pkg/indicators/bollinger_band.go:31.64,33.2 1 92
github.com/irfndi/goflux/pkg/indicators/builder.go:13.66,17.2 1 1
github.com/irfndi/goflux/pkg/indicators/builder.go:20.62,23.2 2 1
github.com/irfndi/goflux/pkg/indicators/builder.go:26.62,29.2 2 1
github.com/irfndi/goflux/pkg/indicators/builder.go:32.62,35.2 2 0
github.com/irfndi/goflux/pkg/indicators/builder.go:38.67,41.2 2 0
github.com/irfndi/goflux/pkg/indicators/builder.go:44.88,47.2 2 0
github.com/irfndi/goflux/pkg/indicators/builder.go:50.88,53.2 2 0
github.com/irfndi/goflux/pkg/indicators/builder.go:56.46,58.2 1 1
github.com/irfndi/goflux/pkg/indicators/cached_indicator.go:25.77,31.20 5 2617
github.com/irfndi/goflux/pkg/indicators/cached_indicator.go:31.20,33.3 1 2615
github.com/irfndi/goflux/pkg/indicators/cached_indicator.go:33.8,33.28 1 2
github.com/irfndi/goflux/pkg/indicators/cached_indicator.go:33.28,34.41 1 1
github.com/irfndi/goflux/pkg/indicators/cached_indicator.go:34.41,36.4 1 0
github.com/irfndi/goflux/pkg/indicators/cached_indicator.go:37.3,37.38 1 1
github.com/irfndi/goflux/pkg/indicators/cached_indicator.go:38.8,41.3 2 1
github.com/irfndi/goflux/pkg/indicators/cached_indicator.go:44.64,47.19 3 2
github.com/irfndi/goflux/pkg/indicators/cached_indicator.go:47.19,49.3 1 0
github.com/irfndi/goflux/pkg/indicators/cached_indicator.go:51.2,51.40 1 2
github.com/irfndi/goflux/pkg/indicators/cached_indicator.go:51.40,54.20 3 0
github.com/irfndi/goflux/pkg/indicators/cached_indicator.go:54.20,56.4 1 0
github.com/irfndi/goflux/pkg/indicators/cached_indicator.go:59.2,60.45 2 2
github.com/irfndi/goflux/pkg/indicators/cached_indicator.go:63.122,67.57 4 3976
github.com/irfndi/goflux/pkg/indicators/cached_indicator.go:67.57,68.34 1 3939
github.com/irfndi/goflux/pkg/indicators/cached_indicator.go:68.34,71.4 2 1321
github.com/irfndi/goflux/pkg/indicators/cached_indicator.go:73.2,75.38 2 2655
github.com/irfndi/goflux/pkg/indicators/cached_indicator.go:75.38,77.3 1 35
github.com/irfndi/goflux/pkg/indicators/cached_indicator.go:79.2,79.39 1 2620
github.com/irfndi/goflux/pkg/indicators/cached_indicator.go:79.39,83.3 3 31
github.com/irfndi/goflux/pkg/indicators/cached_indicator.go:85.2,85.12 1 2589
github.com/irfndi/goflux/pkg/indicators/cached_indicator.go:94.39,96.15 2 13
github.com/irfndi/goflux/pkg/indicators/cached_indicator.go:96.15,98.3 1 0
github.com/irfndi/goflux/pkg/indicators/cached_indicator.go:99.2,102.3 1 13
github.com/irfndi/goflux/pkg/indicators/cached_indicator.go:105.49,109.40 3 10008
github.com/irfndi/goflux/pkg/indicators/cached_indicator.go:109.40,111.3 1 1
github.com/irfndi/goflux/pkg/indicators/cached_indicator.go:112.2,112.23 1 10007
github.com/irfndi/goflux/pkg/indicators/cached_indicator.go:115.53,119.15 3 10132
github.com/irfndi/goflux/pkg/indicators/cached_indicator.go:119.15,121.3 1 0
github.com/irfndi/goflux/pkg/indicators/cached_indicator.go:123.2,123.27 1 10132
github.com/irfndi/goflux/pkg/indicators/cached_indicator.go:123.27,124.32 1 285
github.com/irfndi/goflux/pkg/indicators/cached_indicator.go:124.32,126.4 1 60
github.com/irfndi/goflux/pkg/indicators/cached_indicator.go:127.3,128.26 2 225
github.com/irfndi/goflux/pkg/indicators/cached_indicator.go:128.26,130.4 1 0
github.com/irfndi/goflux/pkg/indicators/cached_indicator.go:131.3,132.42 2 225
github.com/irfndi/goflux/pkg/indicators/cached_indicator.go:134.2,134.23 1 10072
github.com/irfndi/goflux/pkg/indicators/cached_indicator.go:137.27,141.2 3 3
github.com/irfndi/goflux/pkg/indicators/cached_indicator.go:143.25,147.2 3 1
github.com/irfndi/goflux/pkg/indicators/cached_indicator.go:149.44,151.2 1 1
github.com/irfndi/goflux/pkg/indicators/cached_indicator.go:153.50,155.2 1 1
github.com/irfndi/goflux/pkg/indicators/cached_indicator.go:157.54,159.2 1 1
github.com/irfndi/goflux/pkg/indicators/cci.go:15.67,20.2 1 1
github.com/irfndi/goflux/pkg/indicators/cci.go:22.81,28.2 4 11
github.com/irfndi/goflux/pkg/indicators/constant.go:9.55,11.2 1 1
github.com/irfndi/goflux/pkg/indicators/constant.go:13.66,15.2 1 3
github.com/irfndi/goflux/pkg/indicators/cycle.go:12.60,14.2 1 0
github.com/irfndi/goflux/pkg/indicators/cycle.go:16.69,17.15 1 0
github.com/irfndi/goflux/pkg/indicators/cycle.go:17.15,19.3 1 0
github.com/irfndi/goflux/pkg/indicators/cycle.go:26.2,26.24 1 0
github.com/irfndi/goflux/pkg/indicators/cycle.go:34.57,36.2 1 1
github.com/irfndi/goflux/pkg/indicators/cycle.go:38.65,39.15 1 1
github.com/irfndi/goflux/pkg/indicators/cycle.go:39.15,41.3 1 0
github.com/irfndi/goflux/pkg/indicators/cycle.go:45.2,51.12 6 1
github.com/irfndi/goflux/pkg/indicators/cycle.go:59.52,61.2 1 1
github.com/irfndi/goflux/pkg/indicators/cycle.go:63.61,64.16 1 1
github.com/irfndi/goflux/pkg/indicators/cycle.go:64.16,66.3 1 0
github.com/irfndi/goflux/pkg/indicators/cycle.go:70.2,75.123 5 1
github.com/irfndi/goflux/pkg/indicators/derivative.go:13.60,15.2 1 1
github.com/irfndi/goflux/pkg/indicators/derivative.go:18.68,19.16 1 7
github.com/irfndi/goflux/pkg/indicators/derivative.go:19.16,21.3 1 1
github.com/irfndi/goflux/pkg/indicators/derivative.go:23.2,23.77 1 6
github.com/irfndi/goflux/pkg/indicators/difference.go:12.70,17.2 1 9
github.com/irfndi/goflux/pkg/indicators/difference.go:19.68,21.2 1 56
github.com/irfndi/goflux/pkg/indicators/exponential_moving_average.go:20.65,27.2 1 20
github.com/irfndi/goflux/pkg/indicators/exponential_moving_average.go:29.63,30.75 1 3824
github.com/irfndi/goflux/pkg/indicators/exponential_moving_average.go:30.75,32.3 1 15
github.com/irfndi/goflux/pkg/indicators/exponential_moving_average.go:32.25,34.3 1 1315
github.com/irfndi/goflux/pkg/indicators/exponential_moving_average.go:36.2,41.15 4 2509
github.com/irfndi/goflux/pkg/indicators/exponential_moving_average.go:44.46,44.72 1 6346
github.com/irfndi/goflux/pkg/indicators/exponential_moving_average.go:46.57,48.2 1 1
github.com/irfndi/goflux/pkg/indicators/exponential_moving_average.go:50.43,50.64 1 8901
github.com/irfndi/goflux/pkg/indicators/exponential_moving_average.go:52.53,54.2 1 6345
github.com/irfndi/goflux/pkg/indicators/exponential_moving_average.go:56.45,58.2 1 1
github.com/irfndi/goflux/pkg/indicators/fixed.go:8.51,10.2 1 3
github.com/irfndi/goflux/pkg/indicators/fixed.go:12.63,13.35 1 11
github.com/irfndi/goflux/pkg/indicators/fixed.go:13.35,15.3 1 0
github.com/irfndi/goflux/pkg/indicators/fixed.go:16.2,16.31 1 11
github.com/irfndi/goflux/pkg/indicators/fixed.go:21.66,23.2 1 0
github.com/irfndi/goflux/pkg/indicators/fixed.go:25.70,26.35 1 0
github.com/irfndi/goflux/pkg/indicators/fixed.go:26.35,28.3 1 0
github.com/irfndi/goflux/pkg/indicators/fixed.go:29.2,29.18 1 0
github.com/irfndi/goflux/pkg/indicators/gains.go:15.54,20.2 1 8
github.com/irfndi/goflux/pkg/indicators/gains.go:24.54,29.2 1 8
github.com/irfndi/goflux/pkg/indicators/gains.go:31.67,32.16 1 122
github.com/irfndi/goflux/pkg/indicators/gains.go:32.16,34.3 1 16
github.com/irfndi/goflux/pkg/indicators/gains.go:36.2,37.28 2 106
github.com/irfndi/goflux/pkg/indicators/gains.go:37.28,39.3 1 48
github.com/irfndi/goflux/pkg/indicators/gains.go:41.2,41.21 1 56
github.com/irfndi/goflux/pkg/indicators/gains.go:52.77,58.2 1 7
github.com/irfndi/goflux/pkg/indicators/gains.go:62.78,68.2 1 7
github.com/irfndi/goflux/pkg/indicators/gains.go:70.68,73.61 2 162
github.com/irfndi/goflux/pkg/indicators/gains.go:73.61,75.41 2 618
github.com/irfndi/goflux/pkg/indicators/gains.go:75.41,77.4 1 126
github.com/irfndi/goflux/pkg/indicators/gains.go:80.2,80.14 1 162
github.com/irfndi/goflux/pkg/indicators/gains.go:89.63,91.2 1 2
github.com/irfndi/goflux/pkg/indicators/gains.go:93.72,94.16 1 8
github.com/irfndi/goflux/pkg/indicators/gains.go:94.16,96.3 1 2
github.com/irfndi/goflux/pkg/indicators/gains.go:98.2,100.40 3 6
github.com/irfndi/goflux/pkg/indicators/generic_impl.go:21.139,29.2 1 1
github.com/irfndi/goflux/pkg/indicators/generic_impl.go:31.48,32.24 1 2
github.com/irfndi/goflux/pkg/indicators/generic_impl.go:32.24,34.3 1 0
github.com/irfndi/goflux/pkg/indicators/generic_impl.go:36.2,37.42 2 2
github.com/irfndi/goflux/pkg/indicators/generic_impl.go:37.42,39.3 1 6
github.com/irfndi/goflux/pkg/indicators/generic_impl.go:41.2,41.38 1 2
github.com/irfndi/goflux/pkg/indicators/generic_impl.go:49.55,50.42 1 6
github.com/irfndi/goflux/pkg/indicators/generic_impl.go:50.42,52.3 1 0
github.com/irfndi/goflux/pkg/indicators/generic_impl.go:53.2,53.25 1 6
github.com/irfndi/goflux/pkg/indicators/generic_impl.go:56.57,58.2 1 1
github.com/irfndi/goflux/pkg/indicators/helpers.go:3.24,4.11 1 0
github.com/irfndi/goflux/pkg/indicators/helpers.go:4.11,6.3 1 0
github.com/irfndi/goflux/pkg/indicators/helpers.go:7.2,7.10 1 0
github.com/irfndi/goflux/pkg/indicators/helpers.go:10.24,11.11 1 0
github.com/irfndi/goflux/pkg/indicators/helpers.go:11.11,13.3 1 0
github.com/irfndi/goflux/pkg/indicators/helpers.go:14.2,14.10 1 0
github.com/irfndi/goflux/pkg/indicators/hull_moving_average.go:15.65,21.2 1 3
github.com/irfndi/goflux/pkg/indicators/hull_moving_average.go:23.61,24.24 1 3
github.com/irfndi/goflux/pkg/indicators/hull_moving_average.go:24.24,26.3 1 1
github.com/irfndi/goflux/pkg/indicators/hull_moving_average.go:28.2,31.20 3 2
github.com/irfndi/goflux/pkg/indicators/hull_moving_average.go:31.20,33.3 1 0
github.com/irfndi/goflux/pkg/indicators/hull_moving_average.go:35.2,35.35 1 2
github.com/irfndi/goflux/pkg/indicators/hull_moving_average.go:35.35,37.3 1 0
github.com/irfndi/goflux/pkg/indicators/hull_moving_average.go:39.2,42.34 2 2
github.com/irfndi/goflux/pkg/indicators/hull_moving_average.go:42.34,46.3 3 6
github.com/irfndi/goflux/pkg/indicators/hull_moving_average.go:47.2,49.35 2 2
github.com/irfndi/goflux/pkg/indicators/hull_moving_average.go:52.51,54.20 2 2
github.com/irfndi/goflux/pkg/indicators/hull_moving_average.go:54.20,56.3 1 0
github.com/irfndi/goflux/pkg/indicators/hull_moving_average.go:58.2,61.47 3 2
github.com/irfndi/goflux/pkg/indicators/hull_moving_average.go:61.47,66.3 4 80
github.com/irfndi/goflux/pkg/indicators/ichimoku.go:28.67,38.2 1 4
github.com/irfndi/goflux/pkg/indicators/ichimoku.go:40.66,42.2 1 2
github.com/irfndi/goflux/pkg/indicators/ichimoku.go:44.66,46.2 1 1
github.com/irfndi/goflux/pkg/indicators/ichimoku.go:48.65,50.2 1 1
github.com/irfndi/goflux/pkg/indicators/ichimoku.go:52.68,54.2 1 1
github.com/irfndi/goflux/pkg/indicators/ichimoku.go:56.68,58.2 1 1
github.com/irfndi/goflux/pkg/indicators/ichimoku.go:60.67,62.2 1 1
github.com/irfndi/goflux/pkg/indicators/ichimoku.go:64.75,66.2 1 6
github.com/irfndi/goflux/pkg/indicators/ichimoku.go:68.74,70.2 1 4
github.com/irfndi/goflux/pkg/indicators/ichimoku.go:72.98,73.22 1 12
github.com/irfndi/goflux/pkg/indicators/ichimoku.go:73.22,75.3 1 1
github.com/irfndi/goflux/pkg/indicators/ichimoku.go:77.2,80.47 3 11
github.com/irfndi/goflux/pkg/indicators/ichimoku.go:80.47,83.27 3 242
github.com/irfndi/goflux/pkg/indicators/ichimoku.go:83.27,85.4 1 242
github.com/irfndi/goflux/pkg/indicators/ichimoku.go:86.3,86.24 1 242
github.com/irfndi/goflux/pkg/indicators/ichimoku.go:86.24,88.4 1 0
github.com/irfndi/goflux/pkg/indicators/ichimoku.go:91.2,91.55 1 11
github.com/irfndi/goflux/pkg/indicators/ichimoku.go:94.77,99.2 3 2
github.com/irfndi/goflux/pkg/indicators/ichimoku.go:101.77,103.2 1 2
github.com/irfndi/goflux/pkg/indicators/ichimoku.go:105.76,106.15 1 2
github.com/irfndi/goflux/pkg/indicators/ichimoku.go:106.15,108.3 1 0
github.com/irfndi/goflux/pkg/indicators/ichimoku.go:109.2,109.33 1 2
github.com/irfndi/goflux/pkg/indicators/ichimoku.go:120.66,128.2 1 1
github.com/irfndi/goflux/pkg/indicators/kaufman_adaptive_ma.go:20.67,32.2 2 3
github.com/irfndi/goflux/pkg/indicators/kaufman_adaptive_ma.go:34.62,35.26 1 3
github.com/irfndi/goflux/pkg/indicators/kaufman_adaptive_ma.go:35.26,37.3 1 1
github.com/irfndi/goflux/pkg/indicators/kaufman_adaptive_ma.go:39.2,41.20 2 2
github.com/irfndi/goflux/pkg/indicators/kaufman_adaptive_ma.go:41.20,45.3 3 2
github.com/irfndi/goflux/pkg/indicators/kaufman_adaptive_ma.go:47.2,51.24 4 0
github.com/irfndi/goflux/pkg/indicators/kaufman_adaptive_ma.go:51.24,53.3 1 0
github.com/irfndi/goflux/pkg/indicators/kaufman_adaptive_ma.go:55.2,56.27 2 0
github.com/irfndi/goflux/pkg/indicators/kaufman_adaptive_ma.go:56.27,58.3 1 0
github.com/irfndi/goflux/pkg/indicators/kaufman_adaptive_ma.go:59.2,59.35 1 0
github.com/irfndi/goflux/pkg/indicators/kaufman_adaptive_ma.go:59.35,61.3 1 0
github.com/irfndi/goflux/pkg/indicators/kaufman_adaptive_ma.go:63.2,65.19 2 0
github.com/irfndi/goflux/pkg/indicators/kaufman_adaptive_ma.go:68.77,69.22 1 2
github.com/irfndi/goflux/pkg/indicators/kaufman_adaptive_ma.go:69.22,71.3 1 0
github.com/irfndi/goflux/pkg/indicators/kaufman_adaptive_ma.go:73.2,74.30 2 2
github.com/irfndi/goflux/pkg/indicators/kaufman_adaptive_ma.go:74.30,76.3 1 28
github.com/irfndi/goflux/pkg/indicators/kaufman_adaptive_ma.go:78.2,78.46 1 2
github.com/irfndi/goflux/pkg/indicators/kaufman_adaptive_ma.go:81.84,82.20 1 0
github.com/irfndi/goflux/pkg/indicators/kaufman_adaptive_ma.go:82.20,84.3 1 0
github.com/irfndi/goflux/pkg/indicators/kaufman_adaptive_ma.go:86.2,89.31 3 0
github.com/irfndi/goflux/pkg/indicators/kaufman_adaptive_ma.go:89.31,93.3 3 0
github.com/irfndi/goflux/pkg/indicators/kaufman_adaptive_ma.go:95.2,95.19 1 0
github.com/irfndi/goflux/pkg/indicators/kaufman_adaptive_ma.go:105.67,114.2 4 3
github.com/irfndi/goflux/pkg/indicators/kaufman_adaptive_ma.go:116.62,117.24 1 3
github.com/irfndi/goflux/pkg/indicators/kaufman_adaptive_ma.go:117.24,119.3 1 1
github.com/irfndi/goflux/pkg/indicators/kaufman_adaptive_ma.go:120.2,120.81 1 2
github.com/irfndi/goflux/pkg/indicators/kaufman_adaptive_ma.go:130.75,137.2 1 15
github.com/irfndi/goflux/pkg/indicators/kaufman_adaptive_ma.go:139.66,140.15 1 636
github.com/irfndi/goflux/pkg/indicators/kaufman_adaptive_ma.go:140.15,142.3 1 0
github.com/irfndi/goflux/pkg/indicators/kaufman_adaptive_ma.go:144.2,144.35 1 636
github.com/irfndi/goflux/pkg/indicators/kaufman_adaptive_ma.go:144.35,147.3 2 0
github.com/irfndi/goflux/pkg/indicators/kaufman_adaptive_ma.go:149.2,149.53 1 636
github.com/irfndi/goflux/pkg/indicators/kaufman_adaptive_ma.go:149.53,151.3 1 228
github.com/irfndi/goflux/pkg/indicators/kaufman_adaptive_ma.go:153.2,153.16 1 408
github.com/irfndi/goflux/pkg/indicators/kaufman_adaptive_ma.go:153.16,157.3 3 6
github.com/irfndi/goflux/pkg/indicators/kaufman_adaptive_ma.go:159.2,159.26 1 402
github.com/irfndi/goflux/pkg/indicators/kaufman_adaptive_ma.go:159.26,163.3 3 72
github.com/irfndi/goflux/pkg/indicators/kaufman_adaptive_ma.go:165.2,165.27 1 330
github.com/irfndi/goflux/pkg/indicators/kaufman_adaptive_ma.go:165.27,167.35 2 10
github.com/irfndi/goflux/pkg/indicators/kaufman_adaptive_ma.go:167.35,169.4 1 140
github.com/irfndi/goflux/pkg/indicators/kaufman_adaptive_ma.go:170.3,172.13 3 10
github.com/irfndi/goflux/pkg/indicators/kaufman_adaptive_ma.go:175.2,178.12 4 320
github.com/irfndi/goflux/pkg/indicators/kaufman_adaptive_ma.go:189.67,200.2 5 3
github.com/irfndi/goflux/pkg/indicators/kaufman_adaptive_ma.go:202.62,203.24 1 3
github.com/irfndi/goflux/pkg/indicators/kaufman_adaptive_ma.go:203.24,205.3 1 1
github.com/irfndi/goflux/pkg/indicators/kaufman_adaptive_ma.go:206.2,209.31 1 2
github.com/irfndi/goflux/pkg/indicators/keltner_channel.go:15.87,22.2 1 1
github.com/irfndi/goflux/pkg/indicators/keltner_channel.go:24.87,31.2 1 1
github.com/irfndi/goflux/pkg/indicators/keltner_channel.go:33.73,34.27 1 26
github.com/irfndi/goflux/pkg/indicators/keltner_channel.go:34.27,36.3 1 6
github.com/irfndi/goflux/pkg/indicators/keltner_channel.go:38.2,40.80 2 20
github.com/irfndi/goflux/pkg/indicators/klinger_oscillator.go:17.54,27.2 2 0
github.com/irfndi/goflux/pkg/indicators/klinger_oscillator.go:29.61,31.2 1 0
github.com/irfndi/goflux/pkg/indicators/klinger_oscillator.go:42.60,43.16 1 0
github.com/irfndi/goflux/pkg/indicators/klinger_oscillator.go:43.16,45.3 1 0
github.com/irfndi/goflux/pkg/indicators/klinger_oscillator.go:47.2,47.26 1 0
github.com/irfndi/goflux/pkg/indicators/klinger_oscillator.go:47.26,49.3 1 0
github.com/irfndi/goflux/pkg/indicators/klinger_oscillator.go:52.2,53.16 2 0
github.com/irfndi/goflux/pkg/indicators/klinger_oscillator.go:53.16,59.3 5 0
github.com/irfndi/goflux/pkg/indicators/klinger_oscillator.go:61.2,61.34 1 0
github.com/irfndi/goflux/pkg/indicators/klinger_oscillator.go:61.34,69.20 6 0
github.com/irfndi/goflux/pkg/indicators/klinger_oscillator.go:69.20,71.4 1 0
github.com/irfndi/goflux/pkg/indicators/klinger_oscillator.go:73.3,75.27 2 0
github.com/irfndi/goflux/pkg/indicators/klinger_oscillator.go:75.27,77.4 1 0
github.com/irfndi/goflux/pkg/indicators/klinger_oscillator.go:77.9,79.4 1 0
github.com/irfndi/goflux/pkg/indicators/klinger_oscillator.go:81.3,85.25 4 0
github.com/irfndi/goflux/pkg/indicators/klinger_oscillator.go:85.25,89.4 2 0
github.com/irfndi/goflux/pkg/indicators/klinger_oscillator.go:90.3,90.32 1 0
github.com/irfndi/goflux/pkg/indicators/klinger_oscillator.go:93.2,93.23 1 0
github.com/irfndi/goflux/pkg/indicators/macd.go:6.87,8.2 1 3
github.com/irfndi/goflux/pkg/indicators/macd.go:13.88,15.2 1 1
github.com/irfndi/goflux/pkg/indicators/mama.go:25.84,32.2 1 4
github.com/irfndi/goflux/pkg/indicators/mama.go:34.62,37.2 2 2
github.com/irfndi/goflux/pkg/indicators/mama.go:40.84,44.2 1 2
github.com/irfndi/goflux/pkg/indicators/mama.go:50.62,53.2 2 2
github.com/irfndi/goflux/pkg/indicators/mama.go:55.44,59.28 3 4
github.com/irfndi/goflux/pkg/indicators/mama.go:59.28,61.3 1 0
github.com/irfndi/goflux/pkg/indicators/mama.go:64.2,64.25 1 4
github.com/irfndi/goflux/pkg/indicators/mama.go:64.25,67.3 2 4
github.com/irfndi/goflux/pkg/indicators/mama.go:72.2,72.43 1 4
github.com/irfndi/goflux/pkg/indicators/mama.go:72.43,90.3 7 120
github.com/irfndi/goflux/pkg/indicators/maximum_drawdown.go:11.71,16.2 1 2
github.com/irfndi/goflux/pkg/indicators/maximum_drawdown.go:23.74,28.2 3 2
github.com/irfndi/goflux/pkg/indicators/maximum_value.go:11.68,16.2 1 6
github.com/irfndi/goflux/pkg/indicators/maximum_value.go:23.71,27.20 3 17
github.com/irfndi/goflux/pkg/indicators/maximum_value.go:27.20,29.3 1 15
github.com/irfndi/goflux/pkg/indicators/maximum_value.go:31.2,31.34 1 17
github.com/irfndi/goflux/pkg/indicators/maximum_value.go:31.34,33.25 2 74
github.com/irfndi/goflux/pkg/indicators/maximum_value.go:33.25,35.4 1 36
github.com/irfndi/goflux/pkg/indicators/maximum_value.go:38.2,38.17 1 17
github.com/irfndi/goflux/pkg/indicators/mean_deviation.go:16.75,22.2 1 12
github.com/irfndi/goflux/pkg/indicators/mean_deviation.go:24.72,25.26 1 23
github.com/irfndi/goflux/pkg/indicators/mean_deviation.go:25.26,27.3 1 4
github.com/irfndi/goflux/pkg/indicators/mean_deviation.go:29.2,33.34 4 19
github.com/irfndi/goflux/pkg/indicators/mean_deviation.go:33.34,35.3 1 255
github.com/irfndi/goflux/pkg/indicators/mean_deviation.go:37.2,37.90 1 18
github.com/irfndi/goflux/pkg/indicators/metadata.go:19.60,21.2 1 3
github.com/irfndi/goflux/pkg/indicators/metadata.go:24.58,26.9 2 0
github.com/irfndi/goflux/pkg/indicators/metadata.go:26.9,28.3 1 0
github.com/irfndi/goflux/pkg/indicators/metadata.go:29.2,29.18 1 0
github.com/irfndi/goflux/pkg/indicators/metadata.go:32.13,46.2 3 1
github.com/irfndi/goflux/pkg/indicators/minimum_value.go:11.68,16.2 1 6
github.com/irfndi/goflux/pkg/indicators/minimum_value.go:23.71,27.20 3 17
github.com/irfndi/goflux/pkg/indicators/minimum_value.go:27.20,29.3 1 15
github.com/irfndi/goflux/pkg/indicators/minimum_value.go:31.2,31.34 1 17
github.com/irfndi/goflux/pkg/indicators/minimum_value.go:31.34,33.25 2 74
github.com/irfndi/goflux/pkg/indicators/minimum_value.go:33.25,35.4 1 27
github.com/irfndi/goflux/pkg/indicators/minimum_value.go:38.2,38.17 1 17
github.com/irfndi/goflux/pkg/indicators/modified_moving_average.go:19.65,25.2 1 15
github.com/irfndi/goflux/pkg/indicators/modified_moving_average.go:27.81,28.75 1 140
github.com/irfndi/goflux/pkg/indicators/modified_moving_average.go:28.75,30.3 1 15
github.com/irfndi/goflux/pkg/indicators/modified_moving_average.go:30.25,32.3 1 64
github.com/irfndi/goflux/pkg/indicators/modified_moving_average.go:34.2,40.15 5 76
github.com/irfndi/goflux/pkg/indicators/modified_moving_average.go:43.64,45.2 1 228
github.com/irfndi/goflux/pkg/indicators/modified_moving_average.go:47.72,49.2 1 0
github.com/irfndi/goflux/pkg/indicators/modified_moving_average.go:51.61,53.2 1 324
github.com/irfndi/goflux/pkg/indicators/modified_moving_average.go:55.71,57.2 1 228
github.com/irfndi/goflux/pkg/indicators/modified_moving_average.go:59.63,61.2 1 0
github.com/irfndi/goflux/pkg/indicators/momentum_advanced.go:13.86,18.2 1 1
github.com/irfndi/goflux/pkg/indicators/momentum_advanced.go:20.62,25.18 4 45
github.com/irfndi/goflux/pkg/indicators/momentum_advanced.go:25.18,27.3 1 45
github.com/irfndi/goflux/pkg/indicators/momentum_advanced.go:29.2,30.44 2 0
github.com/irfndi/goflux/pkg/indicators/money_flow_index.go:18.66,27.2 1 4
github.com/irfndi/goflux/pkg/indicators/money_flow_index.go:29.63,30.24 1 4
github.com/irfndi/goflux/pkg/indicators/money_flow_index.go:30.24,32.3 1 1
github.com/irfndi/goflux/pkg/indicators/money_flow_index.go:34.2,37.34 3 3
github.com/irfndi/goflux/pkg/indicators/money_flow_index.go:37.34,39.15 2 42
github.com/irfndi/goflux/pkg/indicators/money_flow_index.go:39.15,40.9 1 0
github.com/irfndi/goflux/pkg/indicators/money_flow_index.go:42.3,48.40 5 42
github.com/irfndi/goflux/pkg/indicators/money_flow_index.go:48.40,50.4 1 28
github.com/irfndi/goflux/pkg/indicators/money_flow_index.go:50.9,50.47 1 14
github.com/irfndi/goflux/pkg/indicators/money_flow_index.go:50.47,52.4 1 14
github.com/irfndi/goflux/pkg/indicators/money_flow_index.go:55.2,55.25 1 3
github.com/irfndi/goflux/pkg/indicators/money_flow_index.go:55.25,56.26 1 2
github.com/irfndi/goflux/pkg/indicators/money_flow_index.go:56.26,58.4 1 0
github.com/irfndi/goflux/pkg/indicators/money_flow_index.go:59.3,59.26 1 2
github.com/irfndi/goflux/pkg/indicators/money_flow_index.go:62.2,65.18 3 1
github.com/irfndi/goflux/pkg/indicators/money_flow_index.go:68.75,74.2 4 84
github.com/irfndi/goflux/pkg/indicators/moving_averages_extended.go:18.74,20.2 1 1
github.com/irfndi/goflux/pkg/indicators/moving_averages_extended.go:23.77,29.2 1 1
github.com/irfndi/goflux/pkg/indicators/moving_averages_extended.go:31.64,32.27 1 2
github.com/irfndi/goflux/pkg/indicators/moving_averages_extended.go:32.27,34.3 1 1
github.com/irfndi/goflux/pkg/indicators/moving_averages_extended.go:36.2,39.52 3 1
github.com/irfndi/goflux/pkg/indicators/moving_averages_extended.go:39.52,44.3 4 3
github.com/irfndi/goflux/pkg/indicators/moving_averages_extended.go:46.2,46.24 1 1
github.com/irfndi/goflux/pkg/indicators/moving_averages_extended.go:46.24,48.3 1 0
github.com/irfndi/goflux/pkg/indicators/moving_averages_extended.go:50.2,50.38 1 1
github.com/irfndi/goflux/pkg/indicators/moving_averages_extended.go:58.72,60.2 1 0
github.com/irfndi/goflux/pkg/indicators/moving_averages_extended.go:62.70,64.2 1 0
github.com/irfndi/goflux/pkg/indicators/moving_averages_extended.go:75.65,82.2 1 1
github.com/irfndi/goflux/pkg/indicators/moving_averages_extended.go:84.63,85.75 1 9
github.com/irfndi/goflux/pkg/indicators/moving_averages_extended.go:85.75,87.3 1 1
github.com/irfndi/goflux/pkg/indicators/moving_averages_extended.go:87.25,89.3 1 6
github.com/irfndi/goflux/pkg/indicators/moving_averages_extended.go:91.2,98.15 5 3
github.com/irfndi/goflux/pkg/indicators/moving_averages_extended.go:101.53,101.79 1 13
github.com/irfndi/goflux/pkg/indicators/moving_averages_extended.go:102.53,102.76 1 0
github.com/irfndi/goflux/pkg/indicators/moving_averages_extended.go:103.53,103.74 1 19
github.com/irfndi/goflux/pkg/indicators/moving_averages_extended.go:104.53,104.76 1 13
github.com/irfndi/goflux/pkg/indicators/moving_averages_extended.go:105.53,105.83 1 0
github.com/irfndi/goflux/pkg/indicators/moving_averages_extended.go:112.67,117.2 1 2
github.com/irfndi/goflux/pkg/indicators/moving_averages_extended.go:119.63,120.24 1 6
github.com/irfndi/goflux/pkg/indicators/moving_averages_extended.go:120.24,122.3 1 2
github.com/irfndi/goflux/pkg/indicators/moving_averages_extended.go:124.2,126.21 3 4
github.com/irfndi/goflux/pkg/indicators/moving_averages_extended.go:126.21,129.3 2 2
github.com/irfndi/goflux/pkg/indicators/moving_averages_extended.go:129.8,131.3 1 2
github.com/irfndi/goflux/pkg/indicators/moving_averages_extended.go:132.2,136.32 4 4
github.com/irfndi/goflux/pkg/indicators/moving_averages_extended.go:136.32,139.17 3 18
github.com/irfndi/goflux/pkg/indicators/moving_averages_extended.go:139.17,141.4 1 8
github.com/irfndi/goflux/pkg/indicators/moving_averages_extended.go:142.3,143.74 2 18
github.com/irfndi/goflux/pkg/indicators/moving_averages_extended.go:146.2,146.29 1 4
github.com/irfndi/goflux/pkg/indicators/moving_averages_extended.go:156.65,158.2 1 6
github.com/irfndi/goflux/pkg/indicators/moving_averages_extended.go:160.62,161.26 1 162
github.com/irfndi/goflux/pkg/indicators/moving_averages_extended.go:161.26,163.3 1 39
github.com/irfndi/goflux/pkg/indicators/moving_averages_extended.go:165.2,168.34 3 123
github.com/irfndi/goflux/pkg/indicators/moving_averages_extended.go:168.34,171.3 2 1237
github.com/irfndi/goflux/pkg/indicators/moving_averages_extended.go:173.2,173.35 1 123
github.com/irfndi/goflux/pkg/indicators/moving_averages_extended.go:188.81,204.2 7 1
github.com/irfndi/goflux/pkg/indicators/moving_averages_extended.go:206.61,222.2 9 1
github.com/irfndi/goflux/pkg/indicators/moving_averages_extended.go:233.89,235.2 1 1
github.com/irfndi/goflux/pkg/indicators/moving_averages_extended.go:237.65,238.27 1 1
github.com/irfndi/goflux/pkg/indicators/moving_averages_extended.go:238.27,240.3 1 0
github.com/irfndi/goflux/pkg/indicators/moving_averages_extended.go:242.2,248.35 5 1
github.com/irfndi/goflux/pkg/indicators/moving_averages_extended.go:248.35,252.3 3 5
github.com/irfndi/goflux/pkg/indicators/moving_averages_extended.go:254.2,254.35 1 1
github.com/irfndi/goflux/pkg/indicators/moving_averages_extended.go:267.67,275.2 1 1
github.com/irfndi/goflux/pkg/indicators/moving_averages_extended.go:277.67,278.15 1 1
github.com/irfndi/goflux/pkg/indicators/moving_averages_extended.go:278.15,280.3 1 0
github.com/irfndi/goflux/pkg/indicators/moving_averages_extended.go:282.2,282.30 1 1
github.com/irfndi/goflux/pkg/indicators/moving_averages_extended.go:282.30,284.3 1 0
github.com/irfndi/goflux/pkg/indicators/moving_averages_extended.go:286.2,287.16 2 1
github.com/irfndi/goflux/pkg/indicators/moving_averages_extended.go:287.16,290.3 2 1
github.com/irfndi/goflux/pkg/indicators/moving_averages_extended.go:292.2,292.34 1 1
github.com/irfndi/goflux/pkg/indicators/moving_averages_extended.go:292.34,293.23 1 49
github.com/irfndi/goflux/pkg/indicators/moving_averages_extended.go:293.23,295.12 2 4
github.com/irfndi/goflux/pkg/indicators/moving_averages_extended.go:298.3,302.84 5 45
github.com/irfndi/goflux/pkg/indicators/moving_averages_extended.go:305.2,305.27 1 1
github.com/irfndi/goflux/pkg/indicators/obv.go:16.54,23.2 1 3
github.com/irfndi/goflux/pkg/indicators/obv.go:25.63,26.15 1 5
github.com/irfndi/goflux/pkg/indicators/obv.go:26.15,28.3 1 0
github.com/irfndi/goflux/pkg/indicators/obv.go:30.2,30.28 1 5
github.com/irfndi/goflux/pkg/indicators/obv.go:30.28,32.3 1 0
github.com/irfndi/goflux/pkg/indicators/obv.go:35.2,37.15 3 5
github.com/irfndi/goflux/pkg/indicators/obv.go:37.15,39.3 1 2
github.com/irfndi/goflux/pkg/indicators/obv.go:41.2,41.34 1 5
github.com/irfndi/goflux/pkg/indicators/obv.go:41.34,43.13 2 8
github.com/irfndi/goflux/pkg/indicators/obv.go:43.13,45.4 1 3
github.com/irfndi/goflux/pkg/indicators/obv.go:45.9,50.38 4 5
github.com/irfndi/goflux/pkg/indicators/obv.go:50.38,52.5 1 2
github.com/irfndi/goflux/pkg/indicators/obv.go:52.10,52.45 1 3
github.com/irfndi/goflux/pkg/indicators/obv.go:52.45,54.5 1 3
github.com/irfndi/goflux/pkg/indicators/obv.go:54.10,56.5 1 0
github.com/irfndi/goflux/pkg/indicators/obv.go:58.3,59.23 2 8
github.com/irfndi/goflux/pkg/indicators/obv.go:62.2,62.25 1 5
github.com/irfndi/goflux/pkg/indicators/parabolic_sar.go:22.63,31.2 1 3
github.com/irfndi/goflux/pkg/indicators/parabolic_sar.go:33.71,34.15 1 4
github.com/irfndi/goflux/pkg/indicators/parabolic_sar.go:34.15,36.3 1 0
github.com/irfndi/goflux/pkg/indicators/parabolic_sar.go:38.2,38.21 1 4
github.com/irfndi/goflux/pkg/indicators/parabolic_sar.go:38.21,41.3 2 3
github.com/irfndi/goflux/pkg/indicators/parabolic_sar.go:43.2,48.18 5 1
github.com/irfndi/goflux/pkg/indicators/parabolic_sar.go:49.9,50.32 1 1
github.com/irfndi/goflux/pkg/indicators/parabolic_sar.go:50.32,53.30 3 1
github.com/irfndi/goflux/pkg/indicators/parabolic_sar.go:53.30,55.5 1 0
github.com/irfndi/goflux/pkg/indicators/parabolic_sar.go:57.3,59.32 2 1
github.com/irfndi/goflux/pkg/indicators/parabolic_sar.go:59.32,64.4 4 0
github.com/irfndi/goflux/pkg/indicators/parabolic_sar.go:65.10,66.31 1 0
github.com/irfndi/goflux/pkg/indicators/parabolic_sar.go:66.31,69.30 3 0
github.com/irfndi/goflux/pkg/indicators/parabolic_sar.go:69.30,71.5 1 0
github.com/irfndi/goflux/pkg/indicators/parabolic_sar.go:73.3,75.33 2 0
github.com/irfndi/goflux/pkg/indicators/parabolic_sar.go:75.33,80.4 4 0
github.com/irfndi/goflux/pkg/indicators/parabolic_sar.go:83.2,83.19 1 1
github.com/irfndi/goflux/pkg/indicators/parabolic_sar.go:86.47,92.56 5 3
github.com/irfndi/goflux/pkg/indicators/parabolic_sar.go:92.56,96.3 3 2
github.com/irfndi/goflux/pkg/indicators/parabolic_sar.go:96.8,96.63 1 1
github.com/irfndi/goflux/pkg/indicators/parabolic_sar.go:96.63,100.3 3 0
github.com/irfndi/goflux/pkg/indicators/parabolic_sar.go:100.8,100.37 1 1
github.com/irfndi/goflux/pkg/indicators/parabolic_sar.go:100.37,104.3 3 0
github.com/irfndi/goflux/pkg/indicators/parabolic_sar.go:104.8,108.3 3 1
github.com/irfndi/goflux/pkg/indicators/parabolic_sar.go:110.2,111.23 2 3
github.com/irfndi/goflux/pkg/indicators/parabolic_sar.go:114.46,116.2 1 0
github.com/irfndi/goflux/pkg/indicators/parabolic_sar.go:118.55,120.2 1 0
github.com/irfndi/goflux/pkg/indicators/parabolic_sar.go:122.55,124.2 1 0
github.com/irfndi/goflux/pkg/indicators/parallel.go:10.75,15.33 4 1
github.com/irfndi/goflux/pkg/indicators/parallel.go:15.33,16.41 1 3
github.com/irfndi/goflux/pkg/indicators/parallel.go:16.41,19.4 2 3
github.com/irfndi/goflux/pkg/indicators/parallel.go:22.2,23.16 2 1
github.com/irfndi/goflux/pkg/indicators/parallel.go:29.69,34.30 4 0
[...]
github.com/irfndi/goflux/pkg/trading/risk_analytics.go:159.2,163.40 4 1
github.com/irfndi/goflux/pkg/trading/risk_analytics.go:163.40,166.3 2 501
github.com/irfndi/goflux/pkg/trading/risk_analytics.go:168.2,169.15 2 1
github.com/irfndi/goflux/pkg/trading/risk_analytics.go:169.15,171.3 1 1
github.com/irfndi/goflux/pkg/trading/risk_analytics.go:173.2,173.74 1 1
github.com/irfndi/goflux/pkg/trading/risk_analytics.go:176.83,178.28 2 2
github.com/irfndi/goflux/pkg/trading/risk_analytics.go:178.28,180.3 1 13
github.com/irfndi/goflux/pkg/trading/risk_analytics.go:181.2,181.52 1 2
github.com/irfndi/goflux/pkg/trading/risk_analytics.go:184.109,186.28 2 2
github.com/irfndi/goflux/pkg/trading/risk_analytics.go:186.28,189.3 2 13
github.com/irfndi/goflux/pkg/trading/risk_analytics.go:190.2,190.58 1 2
github.com/irfndi/goflux/pkg/trading/risk_analytics.go:193.72,195.2 1 1
github.com/irfndi/goflux/pkg/trading/risk_analytics.go:197.35,201.2 3 10000
github.com/irfndi/goflux/pkg/trading/risk_analytics.go:203.28,205.2 1 20000
github.com/irfndi/goflux/pkg/trading/risk_analytics.go:207.30,209.2 1 20000
github.com/irfndi/goflux/pkg/trading/risk_analytics.go:211.38,213.2 1 1
github.com/irfndi/goflux/pkg/trading/risk_analytics.go:215.65,216.9 1 8
github.com/irfndi/goflux/pkg/trading/risk_analytics.go:217.26,218.28 1 1
github.com/irfndi/goflux/pkg/trading/risk_analytics.go:219.27,220.27 1 1
github.com/irfndi/goflux/pkg/trading/risk_analytics.go:221.26,222.28 1 2
github.com/irfndi/goflux/pkg/trading/risk_analytics.go:223.26,224.28 1 1
github.com/irfndi/goflux/pkg/trading/risk_analytics.go:225.26,226.28 1 1
github.com/irfndi/goflux/pkg/trading/risk_analytics.go:227.26,228.28 1 1
github.com/irfndi/goflux/pkg/trading/risk_analytics.go:229.10,230.26 1 1
github.com/irfndi/goflux/pkg/trading/risk_analytics.go:234.67,235.21 1 4
github.com/irfndi/goflux/pkg/trading/risk_analytics.go:235.21,237.3 1 0
github.com/irfndi/goflux/pkg/trading/risk_analytics.go:239.2,240.35 2 4
github.com/irfndi/goflux/pkg/trading/risk_analytics.go:240.35,242.3 1 19
github.com/irfndi/goflux/pkg/trading/risk_analytics.go:243.2,243.16 1 4
github.com/irfndi/goflux/pkg/trading/risk_analytics.go:246.70,247.21 1 1
github.com/irfndi/goflux/pkg/trading/risk_analytics.go:247.21,249.3 1 0
github.com/irfndi/goflux/pkg/trading/risk_analytics.go:251.2,252.35 2 1
github.com/irfndi/goflux/pkg/trading/risk_analytics.go:252.35,255.3 2 2
github.com/irfndi/goflux/pkg/trading/risk_analytics.go:256.2,256.19 1 1
github.com/irfndi/goflux/pkg/trading/risk_analytics.go:259.113,260.44 1 0
github.com/irfndi/goflux/pkg/trading/risk_analytics.go:260.44,262.3 1 0
github.com/irfndi/goflux/pkg/trading/risk_analytics.go:264.2,265.35 2 0
github.com/irfndi/goflux/pkg/trading/risk_analytics.go:268.115,269.28 1 2
github.com/irfndi/goflux/pkg/trading/risk_analytics.go:269.28,271.3 1 1
github.com/irfndi/goflux/pkg/trading/risk_analytics.go:273.2,276.40 3 1
github.com/irfndi/goflux/pkg/trading/risk_analytics.go:276.40,279.23 3 3
github.com/irfndi/goflux/pkg/trading/risk_analytics.go:279.23,282.4 2 3
github.com/irfndi/goflux/pkg/trading/risk_analytics.go:285.2,285.16 1 1
github.com/irfndi/goflux/pkg/trading/risk_analytics.go:288.78,289.27 1 2
github.com/irfndi/goflux/pkg/trading/risk_analytics.go:289.27,291.3 1 1
github.com/irfndi/goflux/pkg/trading/risk_analytics.go:293.2,296.36 3 1
github.com/irfndi/goflux/pkg/trading/risk_analytics.go:296.36,297.21 1 6
github.com/irfndi/goflux/pkg/trading/risk_analytics.go:297.21,299.4 1 3
github.com/irfndi/goflux/pkg/trading/risk_analytics.go:301.3,302.31 2 6
github.com/irfndi/goflux/pkg/trading/risk_analytics.go:302.31,304.4 1 1
github.com/irfndi/goflux/pkg/trading/risk_analytics.go:307.2,307.20 1 1
github.com/irfndi/goflux/pkg/trading/risk_analytics.go:310.90,311.26 1 2
github.com/irfndi/goflux/pkg/trading/risk_analytics.go:311.26,313.3 1 1
github.com/irfndi/goflux/pkg/trading/risk_analytics.go:314.2,314.42 1 1
github.com/irfndi/goflux/pkg/trading/risk_analytics.go:317.101,318.23 1 1
github.com/irfndi/goflux/pkg/trading/risk_analytics.go:318.23,320.3 1 0
github.com/irfndi/goflux/pkg/trading/risk_analytics.go:322.2,323.28 2 1
github.com/irfndi/goflux/pkg/trading/risk_analytics.go:323.28,325.3 1 5
github.com/irfndi/goflux/pkg/trading/risk_analytics.go:326.2,329.28 3 1
github.com/irfndi/goflux/pkg/trading/risk_analytics.go:329.28,330.25 1 5
github.com/irfndi/goflux/pkg/trading/risk_analytics.go:330.25,333.4 2 2
github.com/irfndi/goflux/pkg/trading/risk_analytics.go:336.2,336.22 1 1
github.com/irfndi/goflux/pkg/trading/risk_analytics.go:336.22,338.3 1 1
github.com/irfndi/goflux/pkg/trading/risk_analytics.go:340.2,341.32 2 1
github.com/irfndi/goflux/pkg/trading/risk_analytics.go:341.32,343.3 1 0
github.com/irfndi/goflux/pkg/trading/risk_analytics.go:345.2,345.54 1 1
github.com/irfndi/goflux/pkg/trading/risk_analytics.go:348.83,349.55 1 2
github.com/irfndi/goflux/pkg/trading/risk_analytics.go:349.55,351.3 1 1
github.com/irfndi/goflux/pkg/trading/risk_analytics.go:353.2,356.33 3 1
github.com/irfndi/goflux/pkg/trading/risk_analytics.go:356.33,358.3 1 4
github.com/irfndi/goflux/pkg/trading/risk_analytics.go:359.2,361.34 2 1
github.com/irfndi/goflux/pkg/trading/risk_analytics.go:361.34,363.3 1 4
github.com/irfndi/goflux/pkg/trading/risk_analytics.go:364.2,369.67 4 1
github.com/irfndi/goflux/pkg/trading/risk_analytics.go:369.67,374.3 4 4
github.com/irfndi/goflux/pkg/trading/risk_analytics.go:376.2,376.29 1 1
github.com/irfndi/goflux/pkg/trading/risk_analytics.go:376.29,378.3 1 0
github.com/irfndi/goflux/pkg/trading/risk_analytics.go:380.2,380.39 1 1
github.com/irfndi/goflux/pkg/trading/risk_analytics.go:383.79,384.44 1 3
github.com/irfndi/goflux/pkg/trading/risk_analytics.go:384.44,386.3 1 1
github.com/irfndi/goflux/pkg/trading/risk_analytics.go:388.2,391.28 3 2
github.com/irfndi/goflux/pkg/trading/risk_analytics.go:391.28,393.3 1 10
github.com/irfndi/goflux/pkg/trading/risk_analytics.go:394.2,396.28 2 2
github.com/irfndi/goflux/pkg/trading/risk_analytics.go:396.28,398.3 1 10
github.com/irfndi/goflux/pkg/trading/risk_analytics.go:399.2,405.56 5 2
github.com/irfndi/goflux/pkg/trading/risk_analytics.go:405.56,411.3 5 10
github.com/irfndi/goflux/pkg/trading/risk_analytics.go:413.2,414.26 2 2
github.com/irfndi/goflux/pkg/trading/risk_analytics.go:414.26,416.3 1 0
github.com/irfndi/goflux/pkg/trading/risk_analytics.go:418.2,418.36 1 2
github.com/irfndi/goflux/pkg/trading/risk_management.go:11.61,15.2 1 0
github.com/irfndi/goflux/pkg/trading/risk_management.go:17.86,18.65 1 0
github.com/irfndi/goflux/pkg/trading/risk_management.go:18.65,20.3 1 0
github.com/irfndi/goflux/pkg/trading/risk_management.go:22.2,25.38 3 0
github.com/irfndi/goflux/pkg/trading/risk_management.go:25.38,26.23 1 0
github.com/irfndi/goflux/pkg/trading/risk_management.go:26.23,29.4 2 0
github.com/irfndi/goflux/pkg/trading/risk_management.go:32.2,32.39 1 0
github.com/irfndi/goflux/pkg/trading/risk_management.go:32.39,34.3 1 0
github.com/irfndi/goflux/pkg/trading/risk_management.go:36.2,36.36 1 0
github.com/irfndi/goflux/pkg/trading/risk_management.go:36.36,38.3 1 0
github.com/irfndi/goflux/pkg/trading/risk_management.go:40.2,41.26 2 0
github.com/irfndi/goflux/pkg/trading/risk_management.go:41.26,43.3 1 0
github.com/irfndi/goflux/pkg/trading/risk_management.go:45.2,46.44 2 0
github.com/irfndi/goflux/pkg/trading/risk_management.go:54.46,59.2 1 0
github.com/irfndi/goflux/pkg/trading/risk_management.go:61.81,66.2 1 0
github.com/irfndi/goflux/pkg/trading/risk_management.go:68.75,69.65 1 0
github.com/irfndi/goflux/pkg/trading/risk_management.go:69.65,71.3 1 0
github.com/irfndi/goflux/pkg/trading/risk_management.go:73.2,74.38 2 0
github.com/irfndi/goflux/pkg/trading/risk_management.go:74.38,75.23 1 0
github.com/irfndi/goflux/pkg/trading/risk_management.go:75.23,78.4 2 0
github.com/irfndi/goflux/pkg/trading/risk_management.go:81.2,84.40 3 0
github.com/irfndi/goflux/pkg/trading/risk_management.go:93.55,99.2 1 0
github.com/irfndi/goflux/pkg/trading/risk_management.go:101.83,102.29 1 0
github.com/irfndi/goflux/pkg/trading/risk_management.go:102.29,104.3 1 0
github.com/irfndi/goflux/pkg/trading/risk_management.go:106.2,107.38 2 0
github.com/irfndi/goflux/pkg/trading/risk_management.go:107.38,108.23 1 0
github.com/irfndi/goflux/pkg/trading/risk_management.go:108.23,111.4 2 0
github.com/irfndi/goflux/pkg/trading/risk_management.go:114.2,114.47 1 0
github.com/irfndi/goflux/pkg/trading/risk_management.go:122.60,127.2 1 0
github.com/irfndi/goflux/pkg/trading/risk_management.go:129.83,130.29 1 0
github.com/irfndi/goflux/pkg/trading/risk_management.go:130.29,132.3 1 0
github.com/irfndi/goflux/pkg/trading/risk_management.go:134.2,135.47 2 0
github.com/irfndi/goflux/pkg/trading/risk_management.go:135.47,137.3 1 0
github.com/irfndi/goflux/pkg/trading/risk_management.go:139.2,140.30 2 0
github.com/irfndi/goflux/pkg/trading/risk_management.go:140.30,142.3 1 0
github.com/irfndi/goflux/pkg/trading/risk_management.go:142.8,144.3 1 0
github.com/irfndi/goflux/pkg/trading/risk_management.go:146.2,146.59 1 0
github.com/irfndi/goflux/pkg/trading/risk_management.go:154.60,159.2 1 0
github.com/irfndi/goflux/pkg/trading/risk_management.go:161.85,162.38 1 0
github.com/irfndi/goflux/pkg/trading/risk_management.go:162.38,164.3 1 0
github.com/irfndi/goflux/pkg/trading/risk_management.go:166.2,167.50 2 0
github.com/irfndi/goflux/pkg/trading/risk_management.go:175.57,180.2 1 0
github.com/irfndi/goflux/pkg/trading/risk_management.go:182.85,184.38 2 0
github.com/irfndi/goflux/pkg/trading/risk_management.go:184.38,185.21 1 0
github.com/irfndi/goflux/pkg/trading/risk_management.go:185.21,187.4 1 0
github.com/irfndi/goflux/pkg/trading/risk_management.go:190.2,191.41 2 0
github.com/irfndi/goflux/pkg/trading/risk_management.go:194.33,196.2 1 0
github.com/irfndi/goflux/pkg/trading/rule.go:17.28,19.2 1 7
github.com/irfndi/goflux/pkg/trading/rule.go:22.27,24.2 1 4
github.com/irfndi/goflux/pkg/trading/rule.go:27.23,29.2 1 6
github.com/irfndi/goflux/pkg/trading/rule.go:32.46,34.2 1 2
github.com/irfndi/goflux/pkg/trading/rule.go:41.70,43.2 1 0
github.com/irfndi/goflux/pkg/trading/rule.go:50.69,52.2 1 0
github.com/irfndi/goflux/pkg/trading/rule.go:58.70,60.2 1 0
github.com/irfndi/goflux/pkg/trading/rule.go:67.71,69.32 2 2
github.com/irfndi/goflux/pkg/trading/rule.go:69.32,70.38 1 6
github.com/irfndi/goflux/pkg/trading/rule.go:70.38,72.4 1 4
github.com/irfndi/goflux/pkg/trading/rule.go:74.2,74.30 1 2
github.com/irfndi/goflux/pkg/trading/rule.go:83.60,85.2 1 6
github.com/irfndi/goflux/pkg/trading/rule.go:87.73,89.2 1 0
github.com/irfndi/goflux/pkg/trading/rule.go:94.79,96.2 1 6
github.com/irfndi/goflux/pkg/trading/rule.go:101.80,103.2 1 4
github.com/irfndi/goflux/pkg/trading/rule.go:112.68,114.2 1 9
github.com/irfndi/goflux/pkg/trading/rule.go:117.81,119.2 1 0
github.com/irfndi/goflux/pkg/trading/rule.go:128.69,130.2 1 6
github.com/irfndi/goflux/pkg/trading/rule.go:133.82,135.2 1 0
github.com/irfndi/goflux/pkg/trading/rule.go:142.81,144.2 1 0
github.com/irfndi/goflux/pkg/trading/rule.go:148.81,153.2 1 0
github.com/irfndi/goflux/pkg/trading/rule.go:163.68,168.2 1 4
github.com/irfndi/goflux/pkg/trading/rule.go:170.80,171.40 1 4
github.com/irfndi/goflux/pkg/trading/rule.go:171.40,173.3 1 1
github.com/irfndi/goflux/pkg/trading/rule.go:175.2,179.30 4 3
github.com/irfndi/goflux/pkg/trading/rule.go:179.30,180.58 1 21
github.com/irfndi/goflux/pkg/trading/rule.go:180.58,182.9 2 3
github.com/irfndi/goflux/pkg/trading/rule.go:186.2,186.22 1 3
github.com/irfndi/goflux/pkg/trading/rule.go:186.22,188.3 1 0
github.com/irfndi/goflux/pkg/trading/rule.go:190.2,190.37 1 3
github.com/irfndi/goflux/pkg/trading/rule.go:200.82,205.2 1 3
github.com/irfndi/goflux/pkg/trading/rule.go:207.80,208.40 1 4
github.com/irfndi/goflux/pkg/trading/rule.go:208.40,210.3 1 1
github.com/irfndi/goflux/pkg/trading/rule.go:212.2,216.51 4 3
github.com/irfndi/goflux/pkg/trading/rule.go:227.77,233.2 1 3
github.com/irfndi/goflux/pkg/trading/rule.go:235.81,236.40 1 3
github.com/irfndi/goflux/pkg/trading/rule.go:236.40,238.3 1 1
github.com/irfndi/goflux/pkg/trading/rule.go:240.2,241.35 2 2
github.com/irfndi/goflux/pkg/trading/rule.go:241.35,243.3 1 0
github.com/irfndi/goflux/pkg/trading/rule.go:244.2,244.74 1 2
github.com/irfndi/goflux/pkg/trading/rule.go:244.74,246.3 1 1
github.com/irfndi/goflux/pkg/trading/rule.go:248.2,248.14 1 1
github.com/irfndi/goflux/pkg/trading/stop.go:16.77,21.2 1 3
github.com/irfndi/goflux/pkg/trading/stop.go:23.76,24.40 1 3
github.com/irfndi/goflux/pkg/trading/stop.go:24.40,26.3 1 1
github.com/irfndi/goflux/pkg/trading/stop.go:28.2,30.32 3 2
github.com/irfndi/goflux/pkg/trading/stop.go:40.81,45.2 1 4
github.com/irfndi/goflux/pkg/trading/stop.go:47.84,48.40 1 4
github.com/irfndi/goflux/pkg/trading/stop.go:48.40,50.3 1 1
github.com/irfndi/goflux/pkg/trading/stop.go:52.2,61.30 4 3
github.com/irfndi/goflux/pkg/trading/stop.go:61.30,62.58 1 12
github.com/irfndi/goflux/pkg/trading/stop.go:62.58,64.9 2 3
github.com/irfndi/goflux/pkg/trading/stop.go:68.2,68.22 1 3
github.com/irfndi/goflux/pkg/trading/stop.go:68.22,70.3 1 0
github.com/irfndi/goflux/pkg/trading/stop.go:72.2,73.39 2 3
github.com/irfndi/goflux/pkg/trading/stop.go:73.39,75.25 2 12
github.com/irfndi/goflux/pkg/trading/stop.go:75.25,77.4 1 8
github.com/irfndi/goflux/pkg/trading/stop.go:80.2,83.32 3 3
github.com/irfndi/goflux/pkg/trading/stop.go:93.79,98.2 1 0
github.com/irfndi/goflux/pkg/trading/stop.go:100.79,101.40 1 0
github.com/irfndi/goflux/pkg/trading/stop.go:101.40,103.3 1 0
github.com/irfndi/goflux/pkg/trading/stop.go:105.2,107.29 3 0
github.com/irfndi/goflux/pkg/trading/stop.go:118.93,124.2 1 5
github.com/irfndi/goflux/pkg/trading/stop.go:126.86,127.40 1 5
github.com/irfndi/goflux/pkg/trading/stop.go:127.40,129.3 1 1
github.com/irfndi/goflux/pkg/trading/stop.go:131.2,137.30 6 4
github.com/irfndi/goflux/pkg/trading/stop.go:137.30,138.58 1 16
github.com/irfndi/goflux/pkg/trading/stop.go:138.58,140.9 2 4
github.com/irfndi/goflux/pkg/trading/stop.go:144.2,144.22 1 4
github.com/irfndi/goflux/pkg/trading/stop.go:144.22,146.3 1 0
github.com/irfndi/goflux/pkg/trading/stop.go:148.2,151.39 3 4
github.com/irfndi/goflux/pkg/trading/stop.go:151.39,154.33 3 16
github.com/irfndi/goflux/pkg/trading/stop.go:154.33,156.4 1 9
github.com/irfndi/goflux/pkg/trading/stop.go:157.3,157.19 1 16
github.com/irfndi/goflux/pkg/trading/stop.go:157.19,158.40 1 9
github.com/irfndi/goflux/pkg/trading/stop.go:158.40,160.5 1 5
github.com/irfndi/goflux/pkg/trading/stop.go:164.2,164.19 1 4
github.com/irfndi/goflux/pkg/trading/stop.go:164.19,166.3 1 1
github.com/irfndi/goflux/pkg/trading/stop.go:168.2,169.37 2 3
github.com/irfndi/goflux/pkg/trading/strategy.go:18.75,19.25 1 4
github.com/irfndi/goflux/pkg/trading/strategy.go:19.25,20.36 1 1
github.com/irfndi/goflux/pkg/trading/strategy.go:23.2,23.67 1 3
github.com/irfndi/goflux/pkg/trading/strategy.go:23.67,25.3 1 1
github.com/irfndi/goflux/pkg/trading/strategy.go:27.2,27.14 1 2
github.com/irfndi/goflux/pkg/trading/strategy.go:31.74,32.24 1 4
github.com/irfndi/goflux/pkg/trading/strategy.go:32.24,33.35 1 1
github.com/irfndi/goflux/pkg/trading/strategy.go:36.2,36.68 1 3
github.com/irfndi/goflux/pkg/trading/strategy.go:36.68,38.3 1 1
github.com/irfndi/goflux/pkg/trading/strategy.go:40.2,40.14 1 2
github.com/irfndi/goflux/pkg/trading/strategy_registry.go:22.46,28.2 3 9
github.com/irfndi/goflux/pkg/trading/strategy_registry.go:30.76,35.2 1 63
github.com/irfndi/goflux/pkg/trading/strategy_registry.go:37.72,40.2 2 20
github.com/irfndi/goflux/pkg/trading/strategy_registry.go:42.126,44.9 2 20
github.com/irfndi/goflux/pkg/trading/strategy_registry.go:44.9,46.3 1 0
github.com/irfndi/goflux/pkg/trading/strategy_registry.go:47.2,47.42 1 20
github.com/irfndi/goflux/pkg/trading/strategy_registry.go:50.45,52.34 2 1
github.com/irfndi/goflux/pkg/trading/strategy_registry.go:52.34,54.3 1 7
github.com/irfndi/goflux/pkg/trading/strategy_registry.go:55.2,55.14 1 1
github.com/irfndi/goflux/pkg/trading/strategy_registry.go:58.48,66.2 7 9
github.com/irfndi/goflux/pkg/trading/strategy_registry.go:68.96,93.2 11 4
github.com/irfndi/goflux/pkg/trading/strategy_registry.go:95.96,111.2 8 2
github.com/irfndi/goflux/pkg/trading/strategy_registry.go:113.87,129.2 8 2
github.com/irfndi/goflux/pkg/trading/strategy_registry.go:131.88,148.2 9 3
github.com/irfndi/goflux/pkg/trading/strategy_registry.go:150.93,166.2 8 3
github.com/irfndi/goflux/pkg/trading/strategy_registry.go:168.94,181.2 6 3
github.com/irfndi/goflux/pkg/trading/strategy_registry.go:183.87,202.2 8 3
github.com/irfndi/goflux/pkg/trading/strategy_registry.go:204.86,205.19 1 53
github.com/irfndi/goflux/pkg/trading/strategy_registry.go:205.19,207.3 1 36
github.com/irfndi/goflux/pkg/trading/strategy_registry.go:208.2,208.32 1 17
github.com/irfndi/goflux/pkg/trading/strategy_registry.go:208.32,209.26 1 13
github.com/irfndi/goflux/pkg/trading/strategy_registry.go:210.16,211.12 1 4
github.com/irfndi/goflux/pkg/trading/strategy_registry.go:212.12,213.21 1 9
github.com/irfndi/goflux/pkg/trading/strategy_registry.go:216.2,216.19 1 4
github.com/irfndi/goflux/pkg/trading/strategy_registry.go:224.79,227.2 2 8
github.com/irfndi/goflux/pkg/trading/strategy_registry.go:229.84,235.2 2 8
github.com/irfndi/goflux/pkg/trading/strategy_registry.go:237.80,240.16 3 8
github.com/irfndi/goflux/pkg/trading/strategy_registry.go:240.16,242.3 1 0
github.com/irfndi/goflux/pkg/trading/strategy_registry.go:244.2,244.30 1 8
github.com/irfndi/goflux/pkg/trading/test.go:14.72,16.2 1 0
github.com/irfndi/goflux/pkg/trading/test.go:20.72,22.2 1 0
github.com/irfndi/goflux/pkg/trading/test.go:24.32,25.42 1 0
github.com/irfndi/goflux/pkg/trading/test.go:25.42,29.3 2 0
github.com/irfndi/goflux/pkg/trading/test.go:31.2,31.42 1 0
github.com/irfndi/goflux/pkg/trading/test.go:31.42,35.3 2 0
github.com/irfndi/goflux/pkg/trading/test.go:37.2,37.42 1 0
github.com/irfndi/goflux/pkg/trading/test.go:37.42,41.3 2 0
github.com/irfndi/goflux/pkg/trading/test.go:44.31,45.42 1 0
github.com/irfndi/goflux/pkg/trading/test.go:45.42,49.3 2 0
github.com/irfndi/goflux/pkg/trading/test.go:51.2,51.42 1 0
github.com/irfndi/goflux/pkg/trading/test.go:51.42,55.3 2 0
github.com/irfndi/goflux/pkg/trading/test.go:57.2,57.42 1 0
github.com/irfndi/goflux/pkg/trading/test.go:57.42,61.3 2 0
github.com/irfndi/goflux/pkg/trading/test.go:64.42,68.89 3 0
github.com/irfndi/goflux/pkg/trading/test.go:68.89,75.3 2 0
github.com/irfndi/goflux/pkg/trading/test.go:77.2,77.91 1 0
github.com/irfndi/goflux/pkg/trading/test.go:77.91,84.3 2 0
github.com/irfndi/goflux/pkg/trading/test.go:87.43,91.90 3 0
github.com/irfndi/goflux/pkg/trading/test.go:91.90,98.3 2 0
github.com/irfndi/goflux/pkg/trading/test.go:100.2,100.90 1 0
github.com/irfndi/goflux/pkg/trading/test.go:100.90,107.3 2 0
github.com/irfndi/goflux/pkg/trading/test.go:110.42,113.88 2 0
github.com/irfndi/goflux/pkg/trading/test.go:113.88,118.3 3 0
github.com/irfndi/goflux/pkg/trading/test.go:120.2,120.90 1 0
github.com/irfndi/goflux/pkg/trading/test.go:120.90,125.3 3 0
github.com/irfndi/goflux/pkg/trading/tradingrecord.go:10.44,15.2 4 37
github.com/irfndi/goflux/pkg/trading/tradingrecord.go:18.54,20.2 1 62
github.com/irfndi/goflux/pkg/trading/tradingrecord.go:23.48,24.25 1 27
github.com/irfndi/goflux/pkg/trading/tradingrecord.go:24.25,26.3 1 24
github.com/irfndi/goflux/pkg/trading/tradingrecord.go:28.2,28.36 1 3
github.com/irfndi/goflux/pkg/trading/tradingrecord.go:34.47,35.33 1 28
github.com/irfndi/goflux/pkg/trading/tradingrecord.go:35.33,36.85 1 3
github.com/irfndi/goflux/pkg/trading/tradingrecord.go:36.85,38.4 1 1
github.com/irfndi/goflux/pkg/trading/tradingrecord.go:40.3,43.37 3 2
github.com/irfndi/goflux/pkg/trading/tradingrecord.go:44.8,44.39 1 25
github.com/irfndi/goflux/pkg/trading/tradingrecord.go:44.39,45.100 1 25
github.com/irfndi/goflux/pkg/trading/tradingrecord.go:45.100,47.4 1 1
github.com/irfndi/goflux/pkg/trading/tradingrecord.go:49.3,49.34 1 24
